Using pre-set license
Built from '2022.1/staging' branch; Version is '2022.1.15f1 (42973686a05c) revision 4364086'; Using compiler version '192829333'; Build Type 'Release'
OS: 'Windows 10  (10.0.19045) 64bit Core' Language: 'en' Physical Memory: 16215 MB
BatchMode: 1, IsHumanControllingUs: 0, StartBugReporterOnCrash: 0, Is64bit: 1, IsPro: 1

COMMAND LINE ARGUMENTS:
C:\Program Files\Unity\Hub\Editor\2022.1.15f1\Editor\Unity.exe
-adb2
-batchMode
-noUpm
-name
AssetImportWorker5
-projectPath
C:/Users/markt/Unity Games/DES 311 Containment Game
-logFile
Logs/AssetImportWorker5.log
-srvPort
50315
Successfully changed project path to: C:/Users/markt/Unity Games/DES 311 Containment Game
C:/Users/markt/Unity Games/DES 311 Containment Game
[UnityMemory] Configuration Parameters - Can be set up in boot.config
    "memorysetup-bucket-allocator-granularity=16"
    "memorysetup-bucket-allocator-bucket-count=8"
    "memorysetup-bucket-allocator-block-size=33554432"
    "memorysetup-bucket-allocator-block-count=8"
    "memorysetup-main-allocator-block-size=16777216"
    "memorysetup-thread-allocator-block-size=16777216"
    "memorysetup-gfx-main-allocator-block-size=16777216"
    "memorysetup-gfx-thread-allocator-block-size=16777216"
    "memorysetup-cache-allocator-block-size=4194304"
    "memorysetup-typetree-allocator-block-size=2097152"
    "memorysetup-profiler-bucket-allocator-granularity=16"
    "memorysetup-profiler-bucket-allocator-bucket-count=8"
    "memorysetup-profiler-bucket-allocator-block-size=33554432"
    "memorysetup-profiler-bucket-allocator-block-count=8"
    "memorysetup-profiler-allocator-block-size=16777216"
    "memorysetup-profiler-editor-allocator-block-size=1048576"
    "memorysetup-temp-allocator-size-main=16777216"
    "memorysetup-job-temp-allocator-block-size=2097152"
    "memorysetup-job-temp-allocator-block-size-background=1048576"
    "memorysetup-job-temp-allocator-reduction-small-platforms=262144"
    "memorysetup-temp-allocator-size-background-worker=32768"
    "memorysetup-temp-allocator-size-job-worker=262144"
    "memorysetup-temp-allocator-size-preload-manager=33554432"
    "memorysetup-temp-allocator-size-nav-mesh-worker=65536"
    "memorysetup-temp-allocator-size-audio-worker=65536"
    "memorysetup-temp-allocator-size-cloud-worker=32768"
    "memorysetup-temp-allocator-size-gi-baking-worker=262144"
    "memorysetup-temp-allocator-size-gfx=262144"
Refreshing native plugins compatible for Editor in 107.22 ms, found 3 plugins.
Preloading 0 native plugins for Editor in 0.00 ms.
Initialize engine version: 2022.1.15f1 (42973686a05c)
[Subsystems] Discovering subsystems at path C:/Program Files/Unity/Hub/Editor/2022.1.15f1/Editor/Data/Resources/UnitySubsystems
[Subsystems] Discovering subsystems at path C:/Users/markt/Unity Games/DES 311 Containment Game/Assets
GfxDevice: creating device client; threaded=0; jobified=0
Direct3D:
    Version:  Direct3D 11.0 [level 11.1]
    Renderer: NVIDIA GeForce RTX 2070 with Max-Q Design (ID=0x1f14)
    Vendor:   NVIDIA
    VRAM:     8006 MB
    Driver:   32.0.15.6094
Initialize mono
Mono path[0] = 'C:/Program Files/Unity/Hub/Editor/2022.1.15f1/Editor/Data/Managed'
Mono path[1] = 'C:/Program Files/Unity/Hub/Editor/2022.1.15f1/Editor/Data/MonoBleedingEdge/lib/mono/unityjit-win32'
Mono config path = 'C:/Program Files/Unity/Hub/Editor/2022.1.15f1/Editor/Data/MonoBleedingEdge/etc'
Using monoOptions --debugger-agent=transport=dt_socket,embedding=1,server=y,suspend=n,address=127.0.0.1:56060
Begin MonoManager ReloadAssembly
Registering precompiled unity dll's ...
Register platform support module: C:/Program Files/Unity/Hub/Editor/2022.1.15f1/Editor/Data/PlaybackEngines/WindowsStandaloneSupport/UnityEditor.WindowsStandalone.Extensions.dll
Registered in 0.009571 seconds.
Native extension for WindowsStandalone target not found
Refreshing native plugins compatible for Editor in 99.58 ms, found 3 plugins.
Preloading 0 native plugins for Editor in 0.00 ms.
Mono: successfully reloaded assembly
- Completed reload, in  0.693 seconds
Domain Reload Profiling:
	ReloadAssembly (694ms)
		BeginReloadAssembly (83ms)
			ExecutionOrderSort (0ms)
			DisableScriptedObjects (0ms)
			BackupInstance (0ms)
			ReleaseScriptingObjects (0ms)
			CreateAndSetChildDomain (1ms)
		EndReloadAssembly (493ms)
			LoadAssemblies (80ms)
			RebuildTransferFunctionScriptingTraits (0ms)
			SetupTypeCache (118ms)
				TypeCache.Initialize (118ms)
					TypeCache.ScanAssembly (116ms)
				ResolveRequiredComponents (0ms)
			ReleaseScriptCaches (0ms)
			RebuildScriptCaches (27ms)
			SetupLoadedEditorAssemblies (292ms)
				LogAssemblyErrors (0ms)
				InitializePlatformSupportModulesInManaged (8ms)
				SetLoadedEditorAssemblies (7ms)
				RefreshPlugins (100ms)
				BeforeProcessingInitializeOnLoad (2ms)
				ProcessInitializeOnLoadAttributes (132ms)
				ProcessInitializeOnLoadMethodAttributes (43ms)
				AfterProcessingInitializeOnLoad (0ms)
				EditorAssembliesLoaded (0ms)
			ExecutionOrderSort2 (0ms)
			AwakeInstancesAfterBackupRestoration (0ms)
Platform modules already initialized, skipping
Registering precompiled user dll's ...
Registered in 0.007650 seconds.
Begin MonoManager ReloadAssembly
Symbol file LoadedFromMemory doesn't match image C:\Users\markt\Unity Games\DES 311 Containment Game\Library\PackageCache\com.unity.visualscripting@1.7.8\Editor\VisualScripting.Core\Dependencies\YamlDotNet\Unity.VisualScripting.YamlDotNet.dll
Symbol file LoadedFromMemory doesn't match image C:\Users\markt\Unity Games\DES 311 Containment Game\Library\PackageCache\com.unity.visualscripting@1.7.8\Editor\VisualScripting.Core\Dependencies\DotNetZip\Unity.VisualScripting.IonicZip.dll
Native extension for WindowsStandalone target not found
Refreshing native plugins compatible for Editor in 0.94 ms, found 3 plugins.
Preloading 0 native plugins for Editor in 0.00 ms.
Mono: successfully reloaded assembly
- Completed reload, in  1.275 seconds
Domain Reload Profiling:
	ReloadAssembly (1276ms)
		BeginReloadAssembly (121ms)
			ExecutionOrderSort (0ms)
			DisableScriptedObjects (5ms)
			BackupInstance (0ms)
			ReleaseScriptingObjects (0ms)
			CreateAndSetChildDomain (18ms)
		EndReloadAssembly (1027ms)
			LoadAssemblies (99ms)
			RebuildTransferFunctionScriptingTraits (0ms)
			SetupTypeCache (316ms)
				TypeCache.Initialize (311ms)
					TypeCache.ScanAssembly (307ms)
				ResolveRequiredComponents (5ms)
			ReleaseScriptCaches (1ms)
			RebuildScriptCaches (67ms)
			SetupLoadedEditorAssemblies (481ms)
				LogAssemblyErrors (0ms)
				InitializePlatformSupportModulesInManaged (7ms)
				SetLoadedEditorAssemblies (8ms)
				RefreshPlugins (1ms)
				BeforeProcessingInitializeOnLoad (112ms)
				ProcessInitializeOnLoadAttributes (312ms)
				ProcessInitializeOnLoadMethodAttributes (29ms)
				AfterProcessingInitializeOnLoad (11ms)
				EditorAssembliesLoaded (0ms)
			ExecutionOrderSort2 (0ms)
			AwakeInstancesAfterBackupRestoration (7ms)
Platform modules already initialized, skipping
========================================================================
Worker process is ready to serve import requests
Launched and connected shader compiler UnityShaderCompiler.exe after 0.04 seconds
Refreshing native plugins compatible for Editor in 0.73 ms, found 3 plugins.
Preloading 0 native plugins for Editor in 0.00 ms.
Unloading 4016 Unused Serialized files (Serialized files now loaded: 0)
Unloading 39 unused Assets / (1.3 MB). Loaded Objects now: 4477.
Memory consumption went from 0.61 GB to 0.61 GB.
Total: 3.324500 ms (FindLiveObjects: 0.339800 ms CreateObjectMapping: 0.271400 ms MarkObjects: 2.410100 ms  DeleteObjects: 0.301900 ms)

AssetImportParameters requested are different than current active one (requested -> active):
  custom:video-decoder-ogg-theora: a1e56fd34408186e4bbccfd4996cb3dc -> 
  custom:container-muxer-webm: aa71ff27fc2769a1b78a27578f13a17b -> 
  custom:container-demuxer-webm: 4f35f7cbe854078d1ac9338744f61a02 -> 
  custom:video-encoder-webm-vp8: eb34c28f22e8b96e1ab97ce403110664 -> 
  custom:audio-encoder-webm-vorbis: bf7c407c2cedff20999df2af8eb42d56 -> 
  custom:framework-win-MediaFoundation: 216162199b28c13a410421893ffa2e32 -> 
  custom:container-demuxer-ogg: 62fdf1f143b41e24485cea50d1cbac27 -> 
  custom:video-decoder-webm-vp8: 9c59270c3fd7afecdb556c50c9e8de78 -> 
  custom:audio-decoder-ogg-vorbis: bf7c407c2cedff20999df2af8eb42d56 -> 
========================================================================
Received Import Request.
  Time since last request: 3800.212438 seconds.
  path: Assets/External_Assets/Enviroment/enviroment/Office building/material props/plant 3.mat
  artifactKey: Guid(2c2928be45cd1f945a6bf19f92133993) Importer(815301076,1909f56bfc062723c751e8b465ee728b)
Start importing Assets/External_Assets/Enviroment/enviroment/Office building/material props/plant 3.mat using Guid(2c2928be45cd1f945a6bf19f92133993) Importer(815301076,1909f56bfc062723c751e8b465ee728b)  -> (artifact id: 'de6c2f99e31f33b9f100c2ea16a9f816') in 0.160405 seconds 
========================================================================
Received Import Request.
  Time since last request: 0.000035 seconds.
  path: Assets/Materials/Rust/Plate_Rust.mat
  artifactKey: Guid(eb36e58371b177e419d60055787f1c5c) Importer(815301076,1909f56bfc062723c751e8b465ee728b)
Start importing Assets/Materials/Rust/Plate_Rust.mat using Guid(eb36e58371b177e419d60055787f1c5c) Importer(815301076,1909f56bfc062723c751e8b465ee728b)  -> (artifact id: '2aedc5886ef60d3c5ad3924e180c950e') in 0.024214 seconds 
========================================================================
Received Import Request.
  Time since last request: 21.330133 seconds.
  path: Assets/External_Assets/Enviroment/enviroment/Office building/material props/Toilet paper.mat
  artifactKey: Guid(36ad57586d295ec46ab8608654eabf64) Importer(815301076,1909f56bfc062723c751e8b465ee728b)
Start importing Assets/External_Assets/Enviroment/enviroment/Office building/material props/Toilet paper.mat using Guid(36ad57586d295ec46ab8608654eabf64) Importer(815301076,1909f56bfc062723c751e8b465ee728b)  -> (artifact id: '0bc26408693feaab5f88420c30d74df8') in 0.023532 seconds 
========================================================================
Received Import Request.
  Time since last request: 59.116050 seconds.
  path: Assets/External_Assets/Assets/Coloured Materials/Prototype_512x512_Blue2.mat
  artifactKey: Guid(5e148de6cdf2d164aa3e3f90ce8c852c) Importer(815301076,1909f56bfc062723c751e8b465ee728b)
Start importing Assets/External_Assets/Assets/Coloured Materials/Prototype_512x512_Blue2.mat using Guid(5e148de6cdf2d164aa3e3f90ce8c852c) Importer(815301076,1909f56bfc062723c751e8b465ee728b)  -> (artifact id: '8f2d8b9c3d56092248cfe7f770a51db5') in 0.022756 seconds 
========================================================================
Received Import Request.
  Time since last request: 0.000028 seconds.
  path: Assets/External_Assets/Assets/Coloured Materials/Prototype_512x512_Cyan.mat
  artifactKey: Guid(cba66c276aed0874091de1c33eb3950d) Importer(815301076,1909f56bfc062723c751e8b465ee728b)
Start importing Assets/External_Assets/Assets/Coloured Materials/Prototype_512x512_Cyan.mat using Guid(cba66c276aed0874091de1c33eb3950d) Importer(815301076,1909f56bfc062723c751e8b465ee728b)  -> (artifact id: '241a7c00033a05dd45a12fdf13e3a355') in 0.023258 seconds 
========================================================================
Received Import Request.
  Time since last request: 0.000025 seconds.
  path: Assets/External_Assets/Assets/Coloured Materials/Prototype_512x512_Grey1.mat
  artifactKey: Guid(c181c23a6120fbe4aadd5bb53a58dd78) Importer(815301076,1909f56bfc062723c751e8b465ee728b)
Start importing Assets/External_Assets/Assets/Coloured Materials/Prototype_512x512_Grey1.mat using Guid(c181c23a6120fbe4aadd5bb53a58dd78) Importer(815301076,1909f56bfc062723c751e8b465ee728b)  -> (artifact id: '63221bd414e3f87b5493e834fc23d4ed') in 0.023802 seconds 
========================================================================
Received Import Request.
  Time since last request: 0.000026 seconds.
  path: Assets/External_Assets/Assets/Coloured Materials/Prototype_512x512_Grey4.mat
  artifactKey: Guid(8d530ffe6c4968843806085897955b9d) Importer(815301076,1909f56bfc062723c751e8b465ee728b)
Start importing Assets/External_Assets/Assets/Coloured Materials/Prototype_512x512_Grey4.mat using Guid(8d530ffe6c4968843806085897955b9d) Importer(815301076,1909f56bfc062723c751e8b465ee728b)  -> (artifact id: 'c3c6c9022c1fb93e1c1451645a79e3bd') in 0.020933 seconds 
========================================================================
Received Import Request.
  Time since last request: 0.000026 seconds.
  path: Assets/External_Assets/Assets/Coloured Materials/Prototype_512x512_White.mat
  artifactKey: Guid(aeee7071bea0a4c478b4fea5933c5f79) Importer(815301076,1909f56bfc062723c751e8b465ee728b)
Start importing Assets/External_Assets/Assets/Coloured Materials/Prototype_512x512_White.mat using Guid(aeee7071bea0a4c478b4fea5933c5f79) Importer(815301076,1909f56bfc062723c751e8b465ee728b)  -> (artifact id: '341245809d28b89321e2de3d1e978e45') in 0.023243 seconds 
========================================================================
Received Import Request.
  Time since last request: 0.000029 seconds.
  path: Assets/External_Assets/Enviroment/enviroment/Office building/material props/Server.mat
  artifactKey: Guid(a75facf24cc75374f92e0b994b0336af) Importer(815301076,1909f56bfc062723c751e8b465ee728b)
Start importing Assets/External_Assets/Enviroment/enviroment/Office building/material props/Server.mat using Guid(a75facf24cc75374f92e0b994b0336af) Importer(815301076,1909f56bfc062723c751e8b465ee728b)  -> (artifact id: 'b3b594756ddd58580c3a8b476be1afdc') in 0.025464 seconds 
========================================================================
Received Import Request.
  Time since last request: 0.000055 seconds.
  path: Assets/External_Assets/Assets/Coloured Materials/Prototype_512x512_Yellow.mat
  artifactKey: Guid(c852af001dae0064e9acaa832f1dadb7) Importer(815301076,1909f56bfc062723c751e8b465ee728b)
Start importing Assets/External_Assets/Assets/Coloured Materials/Prototype_512x512_Yellow.mat using Guid(c852af001dae0064e9acaa832f1dadb7) Importer(815301076,1909f56bfc062723c751e8b465ee728b)  -> (artifact id: 'b040d3bc81ccea2661265a96a2caa2d2') in 0.024032 seconds 
========================================================================
Received Import Request.
  Time since last request: 49.607376 seconds.
  path: Assets/External_Assets/Enviroment/enviroment/Office building/scene/office building/Lightmap-5_comp_dir.png
  artifactKey: Guid(7fcb2ea6abe1d284ebf8d992b168aa95) Importer(815301076,1909f56bfc062723c751e8b465ee728b)
Start importing Assets/External_Assets/Enviroment/enviroment/Office building/scene/office building/Lightmap-5_comp_dir.png using Guid(7fcb2ea6abe1d284ebf8d992b168aa95) Importer(815301076,1909f56bfc062723c751e8b465ee728b)  -> (artifact id: 'ad89ceaed2a0f1abdb61700cbd9f9574') in 0.053165 seconds 
========================================================================
Received Import Request.
  Time since last request: 0.000022 seconds.
  path: Assets/External_Assets/Enviroment/enviroment/Office building/scene/office building/Lightmap-9_comp_light.exr
  artifactKey: Guid(885714a0c5dfd014d8094d56dfa9d649) Importer(815301076,1909f56bfc062723c751e8b465ee728b)
Start importing Assets/External_Assets/Enviroment/enviroment/Office building/scene/office building/Lightmap-9_comp_light.exr using Guid(885714a0c5dfd014d8094d56dfa9d649) Importer(815301076,1909f56bfc062723c751e8b465ee728b)  -> (artifact id: 'aaf476676be8ddc26a4a86bf721cda14') in 0.029365 seconds 
========================================================================
Received Import Request.
  Time since last request: 0.000035 seconds.
  path: Assets/External_Assets/Enviroment/enviroment/Office building/scene/office building/Lightmap-6_comp_light.exr
  artifactKey: Guid(02923104dcfe50040944662c70573667) Importer(815301076,1909f56bfc062723c751e8b465ee728b)
Start importing Assets/External_Assets/Enviroment/enviroment/Office building/scene/office building/Lightmap-6_comp_light.exr using Guid(02923104dcfe50040944662c70573667) Importer(815301076,1909f56bfc062723c751e8b465ee728b)  -> (artifact id: 'b5be634d6fc11bbd25cabd9957747703') in 0.029593 seconds 
========================================================================
Received Import Request.
  Time since last request: 0.000029 seconds.
  path: Assets/External_Assets/Enviroment/enviroment/Office building/scene/office building/Lightmap-15_comp_light.exr
  artifactKey: Guid(e1284c97faf7ada41b676980cdcbd3de) Importer(815301076,1909f56bfc062723c751e8b465ee728b)
Start importing Assets/External_Assets/Enviroment/enviroment/Office building/scene/office building/Lightmap-15_comp_light.exr using Guid(e1284c97faf7ada41b676980cdcbd3de) Importer(815301076,1909f56bfc062723c751e8b465ee728b)  -> (artifact id: '2d4a96e6d51b4f2777613de5715c93fa') in 0.029960 seconds 
========================================================================
Received Import Request.
  Time since last request: 0.000032 seconds.
  path: Assets/External_Assets/Enviroment/enviroment/Office building/scene/office building/Lightmap-8_comp_dir.png
  artifactKey: Guid(3414f1f1af6a5944f88d03405b56edec) Importer(815301076,1909f56bfc062723c751e8b465ee728b)
Start importing Assets/External_Assets/Enviroment/enviroment/Office building/scene/office building/Lightmap-8_comp_dir.png using Guid(3414f1f1af6a5944f88d03405b56edec) Importer(815301076,1909f56bfc062723c751e8b465ee728b)  -> (artifact id: '88bbc2f0522d9560e4ede089229106f0') in 0.024623 seconds 
========================================================================
Received Import Request.
  Time since last request: 0.000034 seconds.
  path: Assets/External_Assets/Enviroment/enviroment/Office building/scene/office building/Lightmap-10_comp_light.exr
  artifactKey: Guid(eaadba574a1a2f040b3bdeecfb9b895b) Importer(815301076,1909f56bfc062723c751e8b465ee728b)
Start importing Assets/External_Assets/Enviroment/enviroment/Office building/scene/office building/Lightmap-10_comp_light.exr using Guid(eaadba574a1a2f040b3bdeecfb9b895b) Importer(815301076,1909f56bfc062723c751e8b465ee728b)  -> (artifact id: '42ba5b6ff93ebc182204739b6d97f35b') in 0.031602 seconds 
========================================================================
Received Import Request.
  Time since last request: 0.000043 seconds.
  path: Assets/External_Assets/Enviroment/enviroment/Office building/scene/office building/Lightmap-5_comp_light.exr
  artifactKey: Guid(bf58b6098b216564593cce941eccaa2a) Importer(815301076,1909f56bfc062723c751e8b465ee728b)
Start importing Assets/External_Assets/Enviroment/enviroment/Office building/scene/office building/Lightmap-5_comp_light.exr using Guid(bf58b6098b216564593cce941eccaa2a) Importer(815301076,1909f56bfc062723c751e8b465ee728b)  -> (artifact id: '7663c0fe736bdb52805c9a90a059b7e3') in 0.026893 seconds 
========================================================================
Received Import Request.
  Time since last request: 0.000026 seconds.
  path: Assets/External_Assets/Enviroment/enviroment/Office building/scene/office building/Lightmap-13_comp_dir.png
  artifactKey: Guid(d19c85bcf8fdcad498c818f56eb8c339) Importer(815301076,1909f56bfc062723c751e8b465ee728b)
Start importing Assets/External_Assets/Enviroment/enviroment/Office building/scene/office building/Lightmap-13_comp_dir.png using Guid(d19c85bcf8fdcad498c818f56eb8c339) Importer(815301076,1909f56bfc062723c751e8b465ee728b)  -> (artifact id: 'af2afa5ddeef84e12a562873935cde2b') in 0.027537 seconds 
========================================================================
Received Import Request.
  Time since last request: 23.299814 seconds.
  path: Assets/External_Assets/Doors/DoorPackFree/Meshes/Door001/Materials/V3.mat
  artifactKey: Guid(1c826cebdd68dc546b6889791583ec7e) Importer(815301076,1909f56bfc062723c751e8b465ee728b)
Start importing Assets/External_Assets/Doors/DoorPackFree/Meshes/Door001/Materials/V3.mat using Guid(1c826cebdd68dc546b6889791583ec7e) Importer(815301076,1909f56bfc062723c751e8b465ee728b)  -> (artifact id: '202e2ea40f5e6f1ce5c6dedb93c97ba6') in 0.061651 seconds 
Editor requested this worker to shutdown with reason: Scaling down because of idle timeout
AssetImportWorker is now disconnected from the server
Process exiting
Exiting without the bug reporter. Application will terminate with return code 0