Using pre-set license
Built from '2022.3/staging' branch; Version is '2022.3.11f1 (d00248457e15) revision 13632072'; Using compiler version '192829333'; Build Type 'Release'
OS: 'Windows 10  (10.0.19045) 64bit Core' Language: 'en' Physical Memory: 16215 MB
BatchMode: 1, IsHumanControllingUs: 0, StartBugReporterOnCrash: 0, Is64bit: 1, IsPro: 1

COMMAND LINE ARGUMENTS:
C:\Program Files\Unity\Hub\Editor\2022.3.11f1\Editor\Unity.exe
-adb2
-batchMode
-noUpm
-name
AssetImportWorker2
-projectPath
C:/Users/markt/Unity Games/DES 311 Containment Game/Containment-Game
-logFile
Logs/AssetImportWorker2.log
-srvPort
59249
Successfully changed project path to: C:/Users/markt/Unity Games/DES 311 Containment Game/Containment-Game
C:/Users/markt/Unity Games/DES 311 Containment Game/Containment-Game
[UnityMemory] Configuration Parameters - Can be set up in boot.config
    "memorysetup-bucket-allocator-granularity=16"
    "memorysetup-bucket-allocator-bucket-count=8"
    "memorysetup-bucket-allocator-block-size=33554432"
    "memorysetup-bucket-allocator-block-count=8"
    "memorysetup-main-allocator-block-size=16777216"
    "memorysetup-thread-allocator-block-size=16777216"
    "memorysetup-gfx-main-allocator-block-size=16777216"
    "memorysetup-gfx-thread-allocator-block-size=16777216"
    "memorysetup-cache-allocator-block-size=4194304"
    "memorysetup-typetree-allocator-block-size=2097152"
    "memorysetup-profiler-bucket-allocator-granularity=16"
    "memorysetup-profiler-bucket-allocator-bucket-count=8"
    "memorysetup-profiler-bucket-allocator-block-size=33554432"
    "memorysetup-profiler-bucket-allocator-block-count=8"
    "memorysetup-profiler-allocator-block-size=16777216"
    "memorysetup-profiler-editor-allocator-block-size=1048576"
    "memorysetup-temp-allocator-size-main=16777216"
    "memorysetup-job-temp-allocator-block-size=2097152"
    "memorysetup-job-temp-allocator-block-size-background=1048576"
    "memorysetup-job-temp-allocator-reduction-small-platforms=262144"
    "memorysetup-allocator-temp-initial-block-size-main=262144"
    "memorysetup-allocator-temp-initial-block-size-worker=262144"
    "memorysetup-temp-allocator-size-background-worker=32768"
    "memorysetup-temp-allocator-size-job-worker=262144"
    "memorysetup-temp-allocator-size-preload-manager=33554432"
    "memorysetup-temp-allocator-size-nav-mesh-worker=65536"
    "memorysetup-temp-allocator-size-audio-worker=65536"
    "memorysetup-temp-allocator-size-cloud-worker=32768"
    "memorysetup-temp-allocator-size-gi-baking-worker=262144"
    "memorysetup-temp-allocator-size-gfx=262144"
Player connection [12552] Host "[IP] 192.168.0.14 [Port] 0 [Flags] 2 [Guid] 406452444 [EditorId] 406452444 [Version] 1048832 [Id] WindowsEditor(7,MarkHanley-Laptop) [Debug] 1 [PackageName] WindowsEditor [ProjectName] Editor" joined multi-casting on [225.0.0.222:54997]...

Player connection [12552] Host "[IP] 192.168.0.14 [Port] 0 [Flags] 2 [Guid] 406452444 [EditorId] 406452444 [Version] 1048832 [Id] WindowsEditor(7,MarkHanley-Laptop) [Debug] 1 [PackageName] WindowsEditor [ProjectName] Editor" joined alternative multi-casting on [225.0.0.222:34997]...

[Physics::Module] Initialized MultithreadedJobDispatcher with 11 workers.
Refreshing native plugins compatible for Editor in 148.55 ms, found 3 plugins.
Preloading 0 native plugins for Editor in 0.00 ms.
Initialize engine version: 2022.3.11f1 (d00248457e15)
[Subsystems] Discovering subsystems at path C:/Program Files/Unity/Hub/Editor/2022.3.11f1/Editor/Data/Resources/UnitySubsystems
[Subsystems] Discovering subsystems at path C:/Users/markt/Unity Games/DES 311 Containment Game/Containment-Game/Assets
GfxDevice: creating device client; threaded=0; jobified=0
Direct3D:
    Version:  Direct3D 11.0 [level 11.1]
    Renderer: NVIDIA GeForce RTX 2070 with Max-Q Design (ID=0x1f14)
    Vendor:   NVIDIA
    VRAM:     8006 MB
    Driver:   32.0.15.6636
Initialize mono
Mono path[0] = 'C:/Program Files/Unity/Hub/Editor/2022.3.11f1/Editor/Data/Managed'
Mono path[1] = 'C:/Program Files/Unity/Hub/Editor/2022.3.11f1/Editor/Data/MonoBleedingEdge/lib/mono/unityjit-win32'
Mono config path = 'C:/Program Files/Unity/Hub/Editor/2022.3.11f1/Editor/Data/MonoBleedingEdge/etc'
Using monoOptions --debugger-agent=transport=dt_socket,embedding=1,server=y,suspend=n,address=127.0.0.1:56404
Begin MonoManager ReloadAssembly
Registering precompiled unity dll's ...
Register platform support module: C:/Program Files/Unity/Hub/Editor/2022.3.11f1/Editor/Data/PlaybackEngines/WindowsStandaloneSupport/UnityEditor.WindowsStandalone.Extensions.dll
Registered in 0.013371 seconds.
- Loaded All Assemblies, in  1.121 seconds
Native extension for WindowsStandalone target not found
Mono: successfully reloaded assembly
- Finished resetting the current domain, in  0.277 seconds
Domain Reload Profiling: 1395ms
	BeginReloadAssembly (127ms)
		ExecutionOrderSort (0ms)
		DisableScriptedObjects (0ms)
		BackupInstance (0ms)
		ReleaseScriptingObjects (0ms)
		CreateAndSetChildDomain (1ms)
	RebuildCommonClasses (182ms)
	RebuildNativeTypeToScriptingClass (11ms)
	initialDomainReloadingComplete (78ms)
	LoadAllAssembliesAndSetupDomain (720ms)
		LoadAssemblies (124ms)
		RebuildTransferFunctionScriptingTraits (0ms)
		AnalyzeDomain (718ms)
			TypeCache.Refresh (717ms)
				TypeCache.ScanAssembly (424ms)
			ScanForSourceGeneratedMonoScriptInfo (0ms)
			ResolveRequiredComponents (0ms)
	FinalizeReload (277ms)
		ReleaseScriptCaches (0ms)
		RebuildScriptCaches (0ms)
		SetupLoadedEditorAssemblies (215ms)
			LogAssemblyErrors (0ms)
			InitializePlatformSupportModulesInManaged (11ms)
			SetLoadedEditorAssemblies (8ms)
			RefreshPlugins (0ms)
			BeforeProcessingInitializeOnLoad (2ms)
			ProcessInitializeOnLoadAttributes (135ms)
			ProcessInitializeOnLoadMethodAttributes (59ms)
			AfterProcessingInitializeOnLoad (0ms)
			EditorAssembliesLoaded (0ms)
		ExecutionOrderSort2 (0ms)
		AwakeInstancesAfterBackupRestoration (0ms)
========================================================================
Worker process is ready to serve import requests
Begin MonoManager ReloadAssembly
- Loaded All Assemblies, in  1.970 seconds
Refreshing native plugins compatible for Editor in 6.25 ms, found 3 plugins.
Native extension for WindowsStandalone target not found
Package Manager log level set to [2]
[Package Manager] Server::EnsureServerProcessIsRunning -- launch failed, reason: Unity was launched with the -noUpm command-line argument
[Package Manager] UpmClient::Send -- Unable to send message (not connected to UPM process).
[Package Manager] Cannot connect to Unity Package Manager local server
Mono: successfully reloaded assembly
- Finished resetting the current domain, in  0.569 seconds
Domain Reload Profiling: 2534ms
	BeginReloadAssembly (160ms)
		ExecutionOrderSort (0ms)
		DisableScriptedObjects (5ms)
		BackupInstance (0ms)
		ReleaseScriptingObjects (0ms)
		CreateAndSetChildDomain (19ms)
	RebuildCommonClasses (34ms)
	RebuildNativeTypeToScriptingClass (11ms)
	initialDomainReloadingComplete (47ms)
	LoadAllAssembliesAndSetupDomain (1712ms)
		LoadAssemblies (1632ms)
		RebuildTransferFunctionScriptingTraits (0ms)
		AnalyzeDomain (180ms)
			TypeCache.Refresh (155ms)
				TypeCache.ScanAssembly (140ms)
			ScanForSourceGeneratedMonoScriptInfo (18ms)
			ResolveRequiredComponents (5ms)
	FinalizeReload (570ms)
		ReleaseScriptCaches (0ms)
		RebuildScriptCaches (0ms)
		SetupLoadedEditorAssemblies (428ms)
			LogAssemblyErrors (0ms)
			InitializePlatformSupportModulesInManaged (7ms)
			SetLoadedEditorAssemblies (5ms)
			RefreshPlugins (0ms)
			BeforeProcessingInitializeOnLoad (77ms)
			ProcessInitializeOnLoadAttributes (309ms)
			ProcessInitializeOnLoadMethodAttributes (19ms)
			AfterProcessingInitializeOnLoad (11ms)
			EditorAssembliesLoaded (0ms)
		ExecutionOrderSort2 (0ms)
		AwakeInstancesAfterBackupRestoration (7ms)
Launched and connected shader compiler UnityShaderCompiler.exe after 0.04 seconds
Refreshing native plugins compatible for Editor in 5.89 ms, found 3 plugins.
Preloading 0 native plugins for Editor in 0.00 ms.
Unloading 3784 Unused Serialized files (Serialized files now loaded: 0)
Unloading 51 unused Assets / (1.3 MB). Loaded Objects now: 4248.
Memory consumption went from 159.9 MB to 158.6 MB.
Total: 5.456900 ms (FindLiveObjects: 0.327100 ms CreateObjectMapping: 0.449300 ms MarkObjects: 4.037500 ms  DeleteObjects: 0.641900 ms)

AssetImportParameters requested are different than current active one (requested -> active):
  custom:container-demuxer-ogg: 62fdf1f143b41e24485cea50d1cbac27 -> 
  custom:video-decoder-ogg-theora: a1e56fd34408186e4bbccfd4996cb3dc -> 
  custom:framework-win-MediaFoundation: 216162199b28c13a410421893ffa2e32 -> 
  custom:CustomObjectIndexerAttribute: 756ad292c208cfabdd7b50bc23989ffe -> 
  custom:container-demuxer-webm: 4f35f7cbe854078d1ac9338744f61a02 -> 
  custom:container-muxer-webm: aa71ff27fc2769a1b78a27578f13a17b -> 
  custom:video-decoder-webm-vp8: 9c59270c3fd7afecdb556c50c9e8de78 -> 
  custom:SearchIndexIgnoredProperties: e643bd26f0fe6173181afceb89e7c659 -> 
  custom:AudioImporter_EditorPlatform: d09bf68614088b80899f8185d706f6e7 -> 
  custom:video-encoder-webm-vp8: eb34c28f22e8b96e1ab97ce403110664 -> 
  custom:audio-decoder-ogg-vorbis: bf7c407c2cedff20999df2af8eb42d56 -> 
  custom:audio-encoder-webm-vorbis: bf7c407c2cedff20999df2af8eb42d56 -> 
========================================================================
Received Import Request.
  Time since last request: 180999.218365 seconds.
  path: Assets/External_Assets/DoorPackFree/Scenes/Demo/LightingData.asset
  artifactKey: Guid(a3ae8d0b1761e714d96b4d94f5328aff) Importer(815301076,1909f56bfc062723c751e8b465ee728b)
Start importing Assets/External_Assets/DoorPackFree/Scenes/Demo/LightingData.asset using Guid(a3ae8d0b1761e714d96b4d94f5328aff) Importer(815301076,1909f56bfc062723c751e8b465ee728b)  -> (artifact id: 'c89d6a5efa55f735c3c511024c1d1d20') in 0.013474 seconds
Number of updated asset objects reloaded before import = 0
Number of asset objects unloaded after import = 1
========================================================================
Received Import Request.
  Time since last request: 0.000021 seconds.
  path: Assets/External_Assets/Office building/scene/office building/LightingData.asset
  artifactKey: Guid(f2de524f6aaff624fbdca6f131b25f72) Importer(815301076,1909f56bfc062723c751e8b465ee728b)
Start importing Assets/External_Assets/Office building/scene/office building/LightingData.asset using Guid(f2de524f6aaff624fbdca6f131b25f72) Importer(815301076,1909f56bfc062723c751e8b465ee728b) Lighting data asset ‘LightingData’ is inconsistent because 248 files out of 1240 are missing. Please use Generate Lighting to rebuild the lighting data.
 -> (artifact id: 'cd38fe385deb4f7b9d9031e6ebb7e48a') in 0.113222 seconds
Number of updated asset objects reloaded before import = 0
Number of asset objects unloaded after import = 2
========================================================================
Received Prepare
Begin MonoManager ReloadAssembly
- Loaded All Assemblies, in  0.486 seconds
Refreshing native plugins compatible for Editor in 6.36 ms, found 3 plugins.
Native extension for WindowsStandalone target not found
[Package Manager] Server::EnsureServerProcessIsRunning -- launch failed, reason: Unity was launched with the -noUpm command-line argument
[Package Manager] UpmClient::Send -- Unable to send message (not connected to UPM process).
[Package Manager] Cannot connect to Unity Package Manager local server
Mono: successfully reloaded assembly
- Finished resetting the current domain, in  0.970 seconds
Domain Reload Profiling: 1451ms
	BeginReloadAssembly (162ms)
		ExecutionOrderSort (0ms)
		DisableScriptedObjects (7ms)
		BackupInstance (0ms)
		ReleaseScriptingObjects (0ms)
		CreateAndSetChildDomain (30ms)
	RebuildCommonClasses (32ms)
	RebuildNativeTypeToScriptingClass (11ms)
	initialDomainReloadingComplete (34ms)
	LoadAllAssembliesAndSetupDomain (242ms)
		LoadAssemblies (318ms)
		RebuildTransferFunctionScriptingTraits (0ms)
		AnalyzeDomain (13ms)
			TypeCache.Refresh (6ms)
				TypeCache.ScanAssembly (0ms)
			ScanForSourceGeneratedMonoScriptInfo (0ms)
			ResolveRequiredComponents (6ms)
	FinalizeReload (970ms)
		ReleaseScriptCaches (0ms)
		RebuildScriptCaches (0ms)
		SetupLoadedEditorAssemblies (387ms)
			LogAssemblyErrors (0ms)
			InitializePlatformSupportModulesInManaged (7ms)
			SetLoadedEditorAssemblies (5ms)
			RefreshPlugins (0ms)
			BeforeProcessingInitializeOnLoad (77ms)
			ProcessInitializeOnLoadAttributes (268ms)
			ProcessInitializeOnLoadMethodAttributes (20ms)
			AfterProcessingInitializeOnLoad (11ms)
			EditorAssembliesLoaded (0ms)
		ExecutionOrderSort2 (0ms)
		AwakeInstancesAfterBackupRestoration (7ms)
Refreshing native plugins compatible for Editor in 4.60 ms, found 3 plugins.
Preloading 0 native plugins for Editor in 0.00 ms.
Unloading 3717 Unused Serialized files (Serialized files now loaded: 0)
Unloading 38 unused Assets / (1.3 MB). Loaded Objects now: 4252.
Memory consumption went from 147.0 MB to 145.7 MB.
Total: 2.903400 ms (FindLiveObjects: 0.273100 ms CreateObjectMapping: 0.294900 ms MarkObjects: 2.070900 ms  DeleteObjects: 0.263800 ms)

Prepare: number of updated asset objects reloaded= 0
AssetImportParameters requested are different than current active one (requested -> active):
  custom:container-demuxer-ogg: 62fdf1f143b41e24485cea50d1cbac27 -> 
  custom:video-decoder-ogg-theora: a1e56fd34408186e4bbccfd4996cb3dc -> 
  custom:framework-win-MediaFoundation: 216162199b28c13a410421893ffa2e32 -> 
  custom:CustomObjectIndexerAttribute: 756ad292c208cfabdd7b50bc23989ffe -> 
  custom:container-demuxer-webm: 4f35f7cbe854078d1ac9338744f61a02 -> 
  custom:container-muxer-webm: aa71ff27fc2769a1b78a27578f13a17b -> 
  custom:video-decoder-webm-vp8: 9c59270c3fd7afecdb556c50c9e8de78 -> 
  custom:SearchIndexIgnoredProperties: e643bd26f0fe6173181afceb89e7c659 -> 
  custom:AudioImporter_EditorPlatform: d09bf68614088b80899f8185d706f6e7 -> 
  custom:video-encoder-webm-vp8: eb34c28f22e8b96e1ab97ce403110664 -> 
  custom:audio-decoder-ogg-vorbis: bf7c407c2cedff20999df2af8eb42d56 -> 
  custom:audio-encoder-webm-vorbis: bf7c407c2cedff20999df2af8eb42d56 -> 
========================================================================
Received Import Request.
  Time since last request: 186.159403 seconds.
  path: Assets/External_Assets/Office building/scene/office building/Lightmap-0_comp_dir.png
  artifactKey: Guid(72515671816a6a9418400aafa8fa340a) Importer(815301076,1909f56bfc062723c751e8b465ee728b)
Start importing Assets/External_Assets/Office building/scene/office building/Lightmap-0_comp_dir.png using Guid(72515671816a6a9418400aafa8fa340a) Importer(815301076,1909f56bfc062723c751e8b465ee728b)  -> (artifact id: '5794f8cdc24371bfad7033cf8ecedfdb') in 0.073931 seconds
Number of updated asset objects reloaded before import = 0
Number of asset objects unloaded after import = 2
========================================================================
Received Import Request.
  Time since last request: 0.000022 seconds.
  path: Assets/External_Assets/Office building/scene/office building/Lightmap-3_comp_light.exr
  artifactKey: Guid(ba7fb54251b40534089e6456e8caf64c) Importer(815301076,1909f56bfc062723c751e8b465ee728b)
Start importing Assets/External_Assets/Office building/scene/office building/Lightmap-3_comp_light.exr using Guid(ba7fb54251b40534089e6456e8caf64c) Importer(815301076,1909f56bfc062723c751e8b465ee728b)  -> (artifact id: '153940c52868cbb883d21d8488fb2b54') in 0.052632 seconds
Number of updated asset objects reloaded before import = 0
Number of asset objects unloaded after import = 2
========================================================================
Received Import Request.
  Time since last request: 0.000024 seconds.
  path: Assets/External_Assets/Office building/scene/office building/Lightmap-6_comp_dir.png
  artifactKey: Guid(81d888d251f02d64985730c0ab9912eb) Importer(815301076,1909f56bfc062723c751e8b465ee728b)
Start importing Assets/External_Assets/Office building/scene/office building/Lightmap-6_comp_dir.png using Guid(81d888d251f02d64985730c0ab9912eb) Importer(815301076,1909f56bfc062723c751e8b465ee728b)  -> (artifact id: 'cb2178adcb69e823cfeffd99ec83d378') in 0.042461 seconds
Number of updated asset objects reloaded before import = 0
Number of asset objects unloaded after import = 2
========================================================================
Received Import Request.
  Time since last request: 0.000014 seconds.
  path: Assets/External_Assets/Office building/scene/office building/Lightmap-6_comp_light.exr
  artifactKey: Guid(02923104dcfe50040944662c70573667) Importer(815301076,1909f56bfc062723c751e8b465ee728b)
Start importing Assets/External_Assets/Office building/scene/office building/Lightmap-6_comp_light.exr using Guid(02923104dcfe50040944662c70573667) Importer(815301076,1909f56bfc062723c751e8b465ee728b)  -> (artifact id: '811fadd6011e72912499ea6f832c4e25') in 0.032141 seconds
Number of updated asset objects reloaded before import = 0
Number of asset objects unloaded after import = 2
========================================================================
Received Import Request.
  Time since last request: 0.000035 seconds.
  path: Assets/External_Assets/Office building/scene/office building/Lightmap-3_comp_dir.png
  artifactKey: Guid(dbf1cd4616f53bf4da9507e23cb7acd6) Importer(815301076,1909f56bfc062723c751e8b465ee728b)
Start importing Assets/External_Assets/Office building/scene/office building/Lightmap-3_comp_dir.png using Guid(dbf1cd4616f53bf4da9507e23cb7acd6) Importer(815301076,1909f56bfc062723c751e8b465ee728b)  -> (artifact id: '0af25d8a7e4b90074dd95d562ce108f4') in 0.023961 seconds
Number of updated asset objects reloaded before import = 0
Number of asset objects unloaded after import = 2
========================================================================
Received Import Request.
  Time since last request: 0.000016 seconds.
  path: Assets/External_Assets/Office building/scene/office building/Lightmap-15_comp_light.exr
  artifactKey: Guid(e1284c97faf7ada41b676980cdcbd3de) Importer(815301076,1909f56bfc062723c751e8b465ee728b)
Start importing Assets/External_Assets/Office building/scene/office building/Lightmap-15_comp_light.exr using Guid(e1284c97faf7ada41b676980cdcbd3de) Importer(815301076,1909f56bfc062723c751e8b465ee728b)  -> (artifact id: '35fd047d1b015bfc454cafabeb4144b3') in 0.030484 seconds
Number of updated asset objects reloaded before import = 0
Number of asset objects unloaded after import = 2
========================================================================
Received Import Request.
  Time since last request: 0.000017 seconds.
  path: Assets/External_Assets/Office building/scene/office building/Lightmap-12_comp_dir.png
  artifactKey: Guid(b2d9a40f2ad355b4b977772dd168e788) Importer(815301076,1909f56bfc062723c751e8b465ee728b)
Start importing Assets/External_Assets/Office building/scene/office building/Lightmap-12_comp_dir.png using Guid(b2d9a40f2ad355b4b977772dd168e788) Importer(815301076,1909f56bfc062723c751e8b465ee728b)  -> (artifact id: 'ddea12666bd8acf9e7cfeb4836fb3c62') in 0.028087 seconds
Number of updated asset objects reloaded before import = 0
Number of asset objects unloaded after import = 2
========================================================================
Received Import Request.
  Time since last request: 0.000018 seconds.
  path: Assets/External_Assets/Office building/scene/office building/Lightmap-14_comp_light.exr
  artifactKey: Guid(04fcece9acacf31478c3d7db1dc74cac) Importer(815301076,1909f56bfc062723c751e8b465ee728b)
Start importing Assets/External_Assets/Office building/scene/office building/Lightmap-14_comp_light.exr using Guid(04fcece9acacf31478c3d7db1dc74cac) Importer(815301076,1909f56bfc062723c751e8b465ee728b)  -> (artifact id: 'f55295aacb69da3a9b9fd7701fbe46e3') in 0.028745 seconds
Number of updated asset objects reloaded before import = 0
Number of asset objects unloaded after import = 2
========================================================================
Received Import Request.
  Time since last request: 0.000045 seconds.
  path: Assets/External_Assets/Office building/scene/office building/Lightmap-10_comp_dir.png
  artifactKey: Guid(064ed9a9077bb1d4e9ae37137f8c49b5) Importer(815301076,1909f56bfc062723c751e8b465ee728b)
Start importing Assets/External_Assets/Office building/scene/office building/Lightmap-10_comp_dir.png using Guid(064ed9a9077bb1d4e9ae37137f8c49b5) Importer(815301076,1909f56bfc062723c751e8b465ee728b)  -> (artifact id: '9ea2978bb94e23ca6b5c17593be114ff') in 0.027922 seconds
Number of updated asset objects reloaded before import = 0
Number of asset objects unloaded after import = 2
========================================================================
Received Import Request.
  Time since last request: 0.000016 seconds.
  path: Assets/External_Assets/Office building/scene/office building/Lightmap-2_comp_dir.png
  artifactKey: Guid(5df5a393332b9e34fb8562bfc9d96ec4) Importer(815301076,1909f56bfc062723c751e8b465ee728b)
Start importing Assets/External_Assets/Office building/scene/office building/Lightmap-2_comp_dir.png using Guid(5df5a393332b9e34fb8562bfc9d96ec4) Importer(815301076,1909f56bfc062723c751e8b465ee728b)  -> (artifact id: '08ebd3a0d6a199b1781aea99158bfcb3') in 0.031159 seconds
Number of updated asset objects reloaded before import = 0
Number of asset objects unloaded after import = 2
========================================================================
Received Import Request.
  Time since last request: 0.000027 seconds.
  path: Assets/External_Assets/Office building/scene/office building/Lightmap-2_comp_light.exr
  artifactKey: Guid(36006f86e6b490148a46f7d48d4176a0) Importer(815301076,1909f56bfc062723c751e8b465ee728b)
Start importing Assets/External_Assets/Office building/scene/office building/Lightmap-2_comp_light.exr using Guid(36006f86e6b490148a46f7d48d4176a0) Importer(815301076,1909f56bfc062723c751e8b465ee728b)  -> (artifact id: '77eb14199423a7d34151edcf0338f635') in 0.024976 seconds
Number of updated asset objects reloaded before import = 0
Number of asset objects unloaded after import = 2
========================================================================
Received Import Request.
  Time since last request: 0.000014 seconds.
  path: Assets/External_Assets/Office building/scene/office building/Lightmap-4_comp_dir.png
  artifactKey: Guid(a392b43b6f8f0ef48bc2ad04942672e3) Importer(815301076,1909f56bfc062723c751e8b465ee728b)
Start importing Assets/External_Assets/Office building/scene/office building/Lightmap-4_comp_dir.png using Guid(a392b43b6f8f0ef48bc2ad04942672e3) Importer(815301076,1909f56bfc062723c751e8b465ee728b)  -> (artifact id: 'f66577c7df3bb29882398c6fae5b499f') in 0.027818 seconds
Number of updated asset objects reloaded before import = 0
Number of asset objects unloaded after import = 2
========================================================================
Received Import Request.
  Time since last request: 0.000015 seconds.
  path: Assets/External_Assets/Office building/scene/office building/Lightmap-7_comp_dir.png
  artifactKey: Guid(912bbca3965e2dc4c9e4af2ca81eefdb) Importer(815301076,1909f56bfc062723c751e8b465ee728b)
Start importing Assets/External_Assets/Office building/scene/office building/Lightmap-7_comp_dir.png using Guid(912bbca3965e2dc4c9e4af2ca81eefdb) Importer(815301076,1909f56bfc062723c751e8b465ee728b)  -> (artifact id: 'd6ffd43999484fffbf204657950d9b01') in 0.028735 seconds
Number of updated asset objects reloaded before import = 0
Number of asset objects unloaded after import = 2
========================================================================
Received Import Request.
  Time since last request: 0.000020 seconds.
  path: Assets/External_Assets/Office building/scene/office building/Lightmap-8_comp_light.exr
  artifactKey: Guid(12986cbff227ddc40a2890bf950dc522) Importer(815301076,1909f56bfc062723c751e8b465ee728b)
Start importing Assets/External_Assets/Office building/scene/office building/Lightmap-8_comp_light.exr using Guid(12986cbff227ddc40a2890bf950dc522) Importer(815301076,1909f56bfc062723c751e8b465ee728b)  -> (artifact id: 'b75a460187fabaa34c81282fbb3ff158') in 0.030132 seconds
Number of updated asset objects reloaded before import = 0
Number of asset objects unloaded after import = 2
========================================================================
Received Import Request.
  Time since last request: 0.000015 seconds.
  path: Assets/External_Assets/Office building/scene/office building/Lightmap-4_comp_light.exr
  artifactKey: Guid(78931c364f30c6043a1c7aa08f62a147) Importer(815301076,1909f56bfc062723c751e8b465ee728b)
Start importing Assets/External_Assets/Office building/scene/office building/Lightmap-4_comp_light.exr using Guid(78931c364f30c6043a1c7aa08f62a147) Importer(815301076,1909f56bfc062723c751e8b465ee728b)  -> (artifact id: '00a6c2e2c1c72fa749cccc95e59e8df4') in 0.025282 seconds
Number of updated asset objects reloaded before import = 0
Number of asset objects unloaded after import = 2
========================================================================
Received Import Request.
  Time since last request: 0.000044 seconds.
  path: Assets/External_Assets/Office building/scene/office building/Lightmap-13_comp_dir.png
  artifactKey: Guid(d19c85bcf8fdcad498c818f56eb8c339) Importer(815301076,1909f56bfc062723c751e8b465ee728b)
Start importing Assets/External_Assets/Office building/scene/office building/Lightmap-13_comp_dir.png using Guid(d19c85bcf8fdcad498c818f56eb8c339) Importer(815301076,1909f56bfc062723c751e8b465ee728b)  -> (artifact id: 'b58bc7a1838dd2e92969c7c752cc4176') in 0.029178 seconds
Number of updated asset objects reloaded before import = 0
Number of asset objects unloaded after import = 2
========================================================================
Received Import Request.
  Time since last request: 0.000015 seconds.
  path: Assets/External_Assets/Office building/scene/office building/Lightmap-13_comp_light.exr
  artifactKey: Guid(ac0d34c04ecd638489cde53c6495ef58) Importer(815301076,1909f56bfc062723c751e8b465ee728b)
Start importing Assets/External_Assets/Office building/scene/office building/Lightmap-13_comp_light.exr using Guid(ac0d34c04ecd638489cde53c6495ef58) Importer(815301076,1909f56bfc062723c751e8b465ee728b)  -> (artifact id: 'b16ae5e99d944fca117fe7218b4883a9') in 0.029977 seconds
Number of updated asset objects reloaded before import = 0
Number of asset objects unloaded after import = 2
========================================================================
Received Import Request.
  Time since last request: 11.050453 seconds.
  path: Assets/Scenes/Objects_Placement/Lightmap-0_comp_dir.png
  artifactKey: Guid(01cac554343383e41a778483c64307c3) Importer(815301076,1909f56bfc062723c751e8b465ee728b)
Start importing Assets/Scenes/Objects_Placement/Lightmap-0_comp_dir.png using Guid(01cac554343383e41a778483c64307c3) Importer(815301076,1909f56bfc062723c751e8b465ee728b)  -> (artifact id: 'a6adce25b3bb872fc780cb38876f562d') in 0.031385 seconds
Number of updated asset objects reloaded before import = 0
Number of asset objects unloaded after import = 2
========================================================================
Received Import Request.
  Time since last request: 0.000017 seconds.
  path: Assets/Scenes/Objects_Placement/Lightmap-3_comp_dir.png
  artifactKey: Guid(42a7f0112aa0f7a43b9f377dc6a2a191) Importer(815301076,1909f56bfc062723c751e8b465ee728b)
Start importing Assets/Scenes/Objects_Placement/Lightmap-3_comp_dir.png using Guid(42a7f0112aa0f7a43b9f377dc6a2a191) Importer(815301076,1909f56bfc062723c751e8b465ee728b)  -> (artifact id: 'd093113c94e5e91b5b38a1d51af672ea') in 0.036069 seconds
Number of updated asset objects reloaded before import = 0
Number of asset objects unloaded after import = 2
========================================================================
Received Import Request.
  Time since last request: 0.000013 seconds.
  path: Assets/Scenes/Objects_Placement/Lightmap-2_comp_dir.png
  artifactKey: Guid(af2e55c0a647489498d124525e200d8c) Importer(815301076,1909f56bfc062723c751e8b465ee728b)
Start importing Assets/Scenes/Objects_Placement/Lightmap-2_comp_dir.png using Guid(af2e55c0a647489498d124525e200d8c) Importer(815301076,1909f56bfc062723c751e8b465ee728b)  -> (artifact id: '7b47e110e77ef89e35bddded7b317b29') in 0.033390 seconds
Number of updated asset objects reloaded before import = 0
Number of asset objects unloaded after import = 2
========================================================================
Received Import Request.
  Time since last request: 0.000023 seconds.
  path: Assets/Scenes/Objects_Placement/Lightmap-11_comp_light.exr
  artifactKey: Guid(ed67556b423e5c848b72dca737716230) Importer(815301076,1909f56bfc062723c751e8b465ee728b)
Start importing Assets/Scenes/Objects_Placement/Lightmap-11_comp_light.exr using Guid(ed67556b423e5c848b72dca737716230) Importer(815301076,1909f56bfc062723c751e8b465ee728b)  -> (artifact id: '2a49ef3be54685cd8db643ee6b5845e6') in 0.035307 seconds
Number of updated asset objects reloaded before import = 0
Number of asset objects unloaded after import = 2
========================================================================
Received Import Request.
  Time since last request: 0.000021 seconds.
  path: Assets/Scenes/Objects_Placement/Lightmap-4_comp_dir.png
  artifactKey: Guid(40ef643294956ae4681f5639886502d4) Importer(815301076,1909f56bfc062723c751e8b465ee728b)
Start importing Assets/Scenes/Objects_Placement/Lightmap-4_comp_dir.png using Guid(40ef643294956ae4681f5639886502d4) Importer(815301076,1909f56bfc062723c751e8b465ee728b)  -> (artifact id: 'e408b6dce585119178a0e957177293fd') in 0.036913 seconds
Number of updated asset objects reloaded before import = 0
Number of asset objects unloaded after import = 2
========================================================================
Received Import Request.
  Time since last request: 0.000025 seconds.
  path: Assets/Scenes/Objects_Placement/Lightmap-10_comp_dir.png
  artifactKey: Guid(9694a85d1ce080f47a542ebbdf47aa56) Importer(815301076,1909f56bfc062723c751e8b465ee728b)
Start importing Assets/Scenes/Objects_Placement/Lightmap-10_comp_dir.png using Guid(9694a85d1ce080f47a542ebbdf47aa56) Importer(815301076,1909f56bfc062723c751e8b465ee728b)  -> (artifact id: 'e41a0b2fedfc880a12e74b029844ee3c') in 0.034946 seconds
Number of updated asset objects reloaded before import = 0
Number of asset objects unloaded after import = 2
========================================================================
Received Import Request.
  Time since last request: 0.000027 seconds.
  path: Assets/Scenes/Objects_Placement/Lightmap-6_comp_dir.png
  artifactKey: Guid(6b9b81c3fd030c14a888da262ce7d417) Importer(815301076,1909f56bfc062723c751e8b465ee728b)
Start importing Assets/Scenes/Objects_Placement/Lightmap-6_comp_dir.png using Guid(6b9b81c3fd030c14a888da262ce7d417) Importer(815301076,1909f56bfc062723c751e8b465ee728b)  -> (artifact id: 'd153e90c51182c0517102c945a2ea513') in 0.034590 seconds
Number of updated asset objects reloaded before import = 0
Number of asset objects unloaded after import = 2
========================================================================
Received Import Request.
  Time since last request: 0.000017 seconds.
  path: Assets/Scenes/Objects_Placement/Lightmap-8_comp_light.exr
  artifactKey: Guid(4d43a48f70b74e843b57aed34b14f4e6) Importer(815301076,1909f56bfc062723c751e8b465ee728b)
Start importing Assets/Scenes/Objects_Placement/Lightmap-8_comp_light.exr using Guid(4d43a48f70b74e843b57aed34b14f4e6) Importer(815301076,1909f56bfc062723c751e8b465ee728b)  -> (artifact id: '98595ba721adaf1d93d84dbaeea5d771') in 0.042630 seconds
Number of updated asset objects reloaded before import = 0
Number of asset objects unloaded after import = 2
========================================================================
Received Import Request.
  Time since last request: 0.000015 seconds.
  path: Assets/Scenes/Objects_Placement/Lightmap-7_comp_light.exr
  artifactKey: Guid(223126aa6e9b3254fab6a26b737467ea) Importer(815301076,1909f56bfc062723c751e8b465ee728b)
Start importing Assets/Scenes/Objects_Placement/Lightmap-7_comp_light.exr using Guid(223126aa6e9b3254fab6a26b737467ea) Importer(815301076,1909f56bfc062723c751e8b465ee728b)  -> (artifact id: '75aec3579a4067dbf3100a03b8d9718e') in 0.033634 seconds
Number of updated asset objects reloaded before import = 0
Number of asset objects unloaded after import = 2
========================================================================
Received Import Request.
  Time since last request: 0.000024 seconds.
  path: Assets/Scenes/Objects_Placement/Lightmap-10_comp_light.exr
  artifactKey: Guid(af99a2be8476af74f8418ab86f70263b) Importer(815301076,1909f56bfc062723c751e8b465ee728b)
Start importing Assets/Scenes/Objects_Placement/Lightmap-10_comp_light.exr using Guid(af99a2be8476af74f8418ab86f70263b) Importer(815301076,1909f56bfc062723c751e8b465ee728b)  -> (artifact id: '202608a287ee3c033862665416993a84') in 0.042922 seconds
Number of updated asset objects reloaded before import = 0
Number of asset objects unloaded after import = 2
========================================================================
Received Import Request.
  Time since last request: 0.000021 seconds.
  path: Assets/Scenes/Objects_Placement/ReflectionProbe-3.exr
  artifactKey: Guid(6661908be9ecfd4489882041263780ad) Importer(815301076,1909f56bfc062723c751e8b465ee728b)
Start importing Assets/Scenes/Objects_Placement/ReflectionProbe-3.exr using Guid(6661908be9ecfd4489882041263780ad) Importer(815301076,1909f56bfc062723c751e8b465ee728b)  -> (artifact id: '2e7a8ef3f7671abaee47589b774d4481') in 0.049519 seconds
Number of updated asset objects reloaded before import = 0
Number of asset objects unloaded after import = 1
========================================================================
Received Import Request.
  Time since last request: 1356.516098 seconds.
  path: Assets/Scenes/Objects_Placement/LightingData.asset
  artifactKey: Guid(cb4415a036717574ab95b1ceb27d00e5) Importer(815301076,1909f56bfc062723c751e8b465ee728b)
Start importing Assets/Scenes/Objects_Placement/LightingData.asset using Guid(cb4415a036717574ab95b1ceb27d00e5) Importer(815301076,1909f56bfc062723c751e8b465ee728b)  -> (artifact id: '60bda673d64142d1e710d9b141ae6e40') in 0.002766 seconds
Number of updated asset objects reloaded before import = 0
Number of asset objects unloaded after import = 1
========================================================================
Received Import Request.
  Time since last request: 0.005933 seconds.
  path: Assets/Scenes/Objects_Placement/Lightmap-0_comp_light.exr
  artifactKey: Guid(e5bff009e740ea647b8f671f123ceb62) Importer(815301076,1909f56bfc062723c751e8b465ee728b)
Start importing Assets/Scenes/Objects_Placement/Lightmap-0_comp_light.exr using Guid(e5bff009e740ea647b8f671f123ceb62) Importer(815301076,1909f56bfc062723c751e8b465ee728b)  -> (artifact id: '433255f9d4c0be401f73367cf5e2fcc9') in 0.048679 seconds
Number of updated asset objects reloaded before import = 0
Number of asset objects unloaded after import = 2
========================================================================
Received Import Request.
  Time since last request: 0.000026 seconds.
  path: Assets/Scenes/Objects_Placement/Lightmap-16_comp_dir.png
  artifactKey: Guid(d3cbdfab3a5f35d4aacef3374c2caf9d) Importer(815301076,1909f56bfc062723c751e8b465ee728b)
Start importing Assets/Scenes/Objects_Placement/Lightmap-16_comp_dir.png using Guid(d3cbdfab3a5f35d4aacef3374c2caf9d) Importer(815301076,1909f56bfc062723c751e8b465ee728b)  -> (artifact id: '491c509f324f31c853f0b797d47be052') in 0.030415 seconds
Number of updated asset objects reloaded before import = 0
Number of asset objects unloaded after import = 2
========================================================================
Received Import Request.
  Time since last request: 0.000018 seconds.
  path: Assets/Scenes/Objects_Placement/Lightmap-3_comp_light.exr
  artifactKey: Guid(bcf37d3d9f84ea941b8315101b685f4d) Importer(815301076,1909f56bfc062723c751e8b465ee728b)
Start importing Assets/Scenes/Objects_Placement/Lightmap-3_comp_light.exr using Guid(bcf37d3d9f84ea941b8315101b685f4d) Importer(815301076,1909f56bfc062723c751e8b465ee728b)  -> (artifact id: '3f70780b5a99c5fb4ec2661b29470308') in 0.034200 seconds
Number of updated asset objects reloaded before import = 0
Number of asset objects unloaded after import = 2
========================================================================
Received Import Request.
  Time since last request: 0.000022 seconds.
  path: Assets/Scenes/Objects_Placement/Lightmap-11_comp_light.exr
  artifactKey: Guid(ed67556b423e5c848b72dca737716230) Importer(815301076,1909f56bfc062723c751e8b465ee728b)
Start importing Assets/Scenes/Objects_Placement/Lightmap-11_comp_light.exr using Guid(ed67556b423e5c848b72dca737716230) Importer(815301076,1909f56bfc062723c751e8b465ee728b)  -> (artifact id: '8a8f9fa5e1338d34a9bdac0addacb5a7') in 0.027074 seconds
Number of updated asset objects reloaded before import = 0
Number of asset objects unloaded after import = 2
========================================================================
Received Import Request.
  Time since last request: 0.000040 seconds.
  path: Assets/Scenes/Objects_Placement/Lightmap-4_comp_dir.png
  artifactKey: Guid(40ef643294956ae4681f5639886502d4) Importer(815301076,1909f56bfc062723c751e8b465ee728b)
Start importing Assets/Scenes/Objects_Placement/Lightmap-4_comp_dir.png using Guid(40ef643294956ae4681f5639886502d4) Importer(815301076,1909f56bfc062723c751e8b465ee728b)  -> (artifact id: 'b85e58804ffd64bf767b81187916b829') in 0.030620 seconds
Number of updated asset objects reloaded before import = 0
Number of asset objects unloaded after import = 2
========================================================================
Received Import Request.
  Time since last request: 0.000024 seconds.
  path: Assets/Scenes/Objects_Placement/Lightmap-13_comp_light.exr
  artifactKey: Guid(612e09227e49b264998b63bc41b81b3c) Importer(815301076,1909f56bfc062723c751e8b465ee728b)
Start importing Assets/Scenes/Objects_Placement/Lightmap-13_comp_light.exr using Guid(612e09227e49b264998b63bc41b81b3c) Importer(815301076,1909f56bfc062723c751e8b465ee728b)  -> (artifact id: '70c1b72b27b16738d0c46971e026a2c8') in 0.029699 seconds
Number of updated asset objects reloaded before import = 0
Number of asset objects unloaded after import = 2
========================================================================
Received Import Request.
  Time since last request: 0.000024 seconds.
  path: Assets/Scenes/Objects_Placement/Lightmap-11_comp_dir.png
  artifactKey: Guid(4ac988008a705424f86c563c717b9b34) Importer(815301076,1909f56bfc062723c751e8b465ee728b)
Start importing Assets/Scenes/Objects_Placement/Lightmap-11_comp_dir.png using Guid(4ac988008a705424f86c563c717b9b34) Importer(815301076,1909f56bfc062723c751e8b465ee728b)  -> (artifact id: '48fe071744915da9fa441cc15827a0c6') in 0.030689 seconds
Number of updated asset objects reloaded before import = 0
Number of asset objects unloaded after import = 2
========================================================================
Received Import Request.
  Time since last request: 0.000026 seconds.
  path: Assets/Scenes/Objects_Placement/Lightmap-6_comp_dir.png
  artifactKey: Guid(6b9b81c3fd030c14a888da262ce7d417) Importer(815301076,1909f56bfc062723c751e8b465ee728b)
Start importing Assets/Scenes/Objects_Placement/Lightmap-6_comp_dir.png using Guid(6b9b81c3fd030c14a888da262ce7d417) Importer(815301076,1909f56bfc062723c751e8b465ee728b)  -> (artifact id: 'fa53cb70c21b94f59d54debb16d8f0e4') in 0.025596 seconds
Number of updated asset objects reloaded before import = 0
Number of asset objects unloaded after import = 2
========================================================================
Received Import Request.
  Time since last request: 0.000024 seconds.
  path: Assets/Scenes/Objects_Placement/Lightmap-12_comp_light.exr
  artifactKey: Guid(693221e1583e721499e7ff6bc709282c) Importer(815301076,1909f56bfc062723c751e8b465ee728b)
Start importing Assets/Scenes/Objects_Placement/Lightmap-12_comp_light.exr using Guid(693221e1583e721499e7ff6bc709282c) Importer(815301076,1909f56bfc062723c751e8b465ee728b)  -> (artifact id: 'a717b83f564010e2954044499adedf4b') in 0.025537 seconds
Number of updated asset objects reloaded before import = 0
Number of asset objects unloaded after import = 2
========================================================================
Received Import Request.
  Time since last request: 0.000020 seconds.
  path: Assets/Scenes/Objects_Placement/Lightmap-8_comp_light.exr
  artifactKey: Guid(4d43a48f70b74e843b57aed34b14f4e6) Importer(815301076,1909f56bfc062723c751e8b465ee728b)
Start importing Assets/Scenes/Objects_Placement/Lightmap-8_comp_light.exr using Guid(4d43a48f70b74e843b57aed34b14f4e6) Importer(815301076,1909f56bfc062723c751e8b465ee728b)  -> (artifact id: '55df459436d12da71a33e01317a11b8a') in 0.026570 seconds
Number of updated asset objects reloaded before import = 0
Number of asset objects unloaded after import = 2
========================================================================
Received Import Request.
  Time since last request: 0.000031 seconds.
  path: Assets/Scenes/Objects_Placement/Lightmap-7_comp_dir.png
  artifactKey: Guid(aac500790c4887e4790164b2684df59a) Importer(815301076,1909f56bfc062723c751e8b465ee728b)
Start importing Assets/Scenes/Objects_Placement/Lightmap-7_comp_dir.png using Guid(aac500790c4887e4790164b2684df59a) Importer(815301076,1909f56bfc062723c751e8b465ee728b)  -> (artifact id: '20cc21ba01a23a165d21ffb298742dd2') in 0.027752 seconds
Number of updated asset objects reloaded before import = 0
Number of asset objects unloaded after import = 2
========================================================================
Received Import Request.
  Time since last request: 0.000020 seconds.
  path: Assets/Scenes/Objects_Placement/Lightmap-7_comp_light.exr
  artifactKey: Guid(223126aa6e9b3254fab6a26b737467ea) Importer(815301076,1909f56bfc062723c751e8b465ee728b)
Start importing Assets/Scenes/Objects_Placement/Lightmap-7_comp_light.exr using Guid(223126aa6e9b3254fab6a26b737467ea) Importer(815301076,1909f56bfc062723c751e8b465ee728b)  -> (artifact id: '18919ae29be113980c0b6afeae49eaa3') in 0.027983 seconds
Number of updated asset objects reloaded before import = 0
Number of asset objects unloaded after import = 2
========================================================================
Received Import Request.
  Time since last request: 0.000024 seconds.
  path: Assets/Scenes/Objects_Placement/Lightmap-14_comp_dir.png
  artifactKey: Guid(3a2c77ff96949e745a8a79e78ecf48de) Importer(815301076,1909f56bfc062723c751e8b465ee728b)
Start importing Assets/Scenes/Objects_Placement/Lightmap-14_comp_dir.png using Guid(3a2c77ff96949e745a8a79e78ecf48de) Importer(815301076,1909f56bfc062723c751e8b465ee728b)  -> (artifact id: '7cc6d1b10982d2798a22e14580a489aa') in 0.025502 seconds
Number of updated asset objects reloaded before import = 0
Number of asset objects unloaded after import = 2
========================================================================
Received Import Request.
  Time since last request: 0.000017 seconds.
  path: Assets/Scenes/Objects_Placement/Lightmap-10_comp_light.exr
  artifactKey: Guid(af99a2be8476af74f8418ab86f70263b) Importer(815301076,1909f56bfc062723c751e8b465ee728b)
Start importing Assets/Scenes/Objects_Placement/Lightmap-10_comp_light.exr using Guid(af99a2be8476af74f8418ab86f70263b) Importer(815301076,1909f56bfc062723c751e8b465ee728b)  -> (artifact id: '63bfaf5ef789c13b86e9f0641210eb4f') in 0.023186 seconds
Number of updated asset objects reloaded before import = 0
Number of asset objects unloaded after import = 2
========================================================================
Received Import Request.
  Time since last request: 0.000024 seconds.
  path: Assets/Scenes/Objects_Placement/Lightmap-15_comp_dir.png
  artifactKey: Guid(b2d2a3d439fd9e548ad361867d175cb7) Importer(815301076,1909f56bfc062723c751e8b465ee728b)
Start importing Assets/Scenes/Objects_Placement/Lightmap-15_comp_dir.png using Guid(b2d2a3d439fd9e548ad361867d175cb7) Importer(815301076,1909f56bfc062723c751e8b465ee728b)  -> (artifact id: '83722a4d52cc1d7a52c49421b02c4fe0') in 0.027159 seconds
Number of updated asset objects reloaded before import = 0
Number of asset objects unloaded after import = 2
========================================================================
Received Import Request.
  Time since last request: 0.000028 seconds.
  path: Assets/Scenes/Objects_Placement/Lightmap-9_comp_light.exr
  artifactKey: Guid(19db2ea3e9a8ed14898104899549530d) Importer(815301076,1909f56bfc062723c751e8b465ee728b)
Start importing Assets/Scenes/Objects_Placement/Lightmap-9_comp_light.exr using Guid(19db2ea3e9a8ed14898104899549530d) Importer(815301076,1909f56bfc062723c751e8b465ee728b)  -> (artifact id: 'e917b4462f7b591221c71cbf53665c28') in 0.028716 seconds
Number of updated asset objects reloaded before import = 0
Number of asset objects unloaded after import = 2
Editor requested this worker to shutdown with reason: Scaling down because of idle timeout
TcpMessagingSession - receive error: operation aborted. errorcode: 995, details: The I/O operation has been aborted because of either a thread exit or an application request.
AssetImportWorker is now disconnected from the server
Process exiting
Exiting without the bug reporter. Application will terminate with return code 0