Using pre-set license
Built from '2022.3/staging' branch; Version is '2022.3.11f1 (d00248457e15) revision 13632072'; Using compiler version '192829333'; Build Type 'Release'
OS: 'Windows 10  (10.0.19045) 64bit Core' Language: 'en' Physical Memory: 16215 MB
BatchMode: 1, IsHumanControllingUs: 0, StartBugReporterOnCrash: 0, Is64bit: 1, IsPro: 1

COMMAND LINE ARGUMENTS:
C:\Program Files\Unity\Hub\Editor\2022.3.11f1\Editor\Unity.exe
-adb2
-batchMode
-noUpm
-name
AssetImportWorker1
-projectPath
C:/Users/markt/Unity Games/DES 311 Containment Game/Containment-Game
-logFile
Logs/AssetImportWorker1.log
-srvPort
53128
Successfully changed project path to: C:/Users/markt/Unity Games/DES 311 Containment Game/Containment-Game
C:/Users/markt/Unity Games/DES 311 Containment Game/Containment-Game
[UnityMemory] Configuration Parameters - Can be set up in boot.config
    "memorysetup-bucket-allocator-granularity=16"
    "memorysetup-bucket-allocator-bucket-count=8"
    "memorysetup-bucket-allocator-block-size=33554432"
    "memorysetup-bucket-allocator-block-count=8"
    "memorysetup-main-allocator-block-size=16777216"
    "memorysetup-thread-allocator-block-size=16777216"
    "memorysetup-gfx-main-allocator-block-size=16777216"
    "memorysetup-gfx-thread-allocator-block-size=16777216"
    "memorysetup-cache-allocator-block-size=4194304"
    "memorysetup-typetree-allocator-block-size=2097152"
    "memorysetup-profiler-bucket-allocator-granularity=16"
    "memorysetup-profiler-bucket-allocator-bucket-count=8"
    "memorysetup-profiler-bucket-allocator-block-size=33554432"
    "memorysetup-profiler-bucket-allocator-block-count=8"
    "memorysetup-profiler-allocator-block-size=16777216"
    "memorysetup-profiler-editor-allocator-block-size=1048576"
    "memorysetup-temp-allocator-size-main=16777216"
    "memorysetup-job-temp-allocator-block-size=2097152"
    "memorysetup-job-temp-allocator-block-size-background=1048576"
    "memorysetup-job-temp-allocator-reduction-small-platforms=262144"
    "memorysetup-allocator-temp-initial-block-size-main=262144"
    "memorysetup-allocator-temp-initial-block-size-worker=262144"
    "memorysetup-temp-allocator-size-background-worker=32768"
    "memorysetup-temp-allocator-size-job-worker=262144"
    "memorysetup-temp-allocator-size-preload-manager=33554432"
    "memorysetup-temp-allocator-size-nav-mesh-worker=65536"
    "memorysetup-temp-allocator-size-audio-worker=65536"
    "memorysetup-temp-allocator-size-cloud-worker=32768"
    "memorysetup-temp-allocator-size-gi-baking-worker=262144"
    "memorysetup-temp-allocator-size-gfx=262144"
Player connection [2652] Host "[IP] 192.168.0.14 [Port] 0 [Flags] 2 [Guid] 2042013548 [EditorId] 2042013548 [Version] 1048832 [Id] WindowsEditor(7,MarkHanley-Laptop) [Debug] 1 [PackageName] WindowsEditor [ProjectName] Editor" joined multi-casting on [225.0.0.222:54997]...

Player connection [2652] Host "[IP] 192.168.0.14 [Port] 0 [Flags] 2 [Guid] 2042013548 [EditorId] 2042013548 [Version] 1048832 [Id] WindowsEditor(7,MarkHanley-Laptop) [Debug] 1 [PackageName] WindowsEditor [ProjectName] Editor" joined alternative multi-casting on [225.0.0.222:34997]...

[Physics::Module] Initialized MultithreadedJobDispatcher with 11 workers.
Refreshing native plugins compatible for Editor in 6.91 ms, found 1 plugins.
Preloading 0 native plugins for Editor in 0.00 ms.
Initialize engine version: 2022.3.11f1 (d00248457e15)
[Subsystems] Discovering subsystems at path C:/Program Files/Unity/Hub/Editor/2022.3.11f1/Editor/Data/Resources/UnitySubsystems
[Subsystems] Discovering subsystems at path C:/Users/markt/Unity Games/DES 311 Containment Game/Containment-Game/Assets
GfxDevice: creating device client; threaded=0; jobified=0
Direct3D:
    Version:  Direct3D 11.0 [level 11.1]
    Renderer: NVIDIA GeForce RTX 2070 with Max-Q Design (ID=0x1f14)
    Vendor:   NVIDIA
    VRAM:     8006 MB
    Driver:   32.0.15.6636
Initialize mono
Mono path[0] = 'C:/Program Files/Unity/Hub/Editor/2022.3.11f1/Editor/Data/Managed'
Mono path[1] = 'C:/Program Files/Unity/Hub/Editor/2022.3.11f1/Editor/Data/MonoBleedingEdge/lib/mono/unityjit-win32'
Mono config path = 'C:/Program Files/Unity/Hub/Editor/2022.3.11f1/Editor/Data/MonoBleedingEdge/etc'
Using monoOptions --debugger-agent=transport=dt_socket,embedding=1,server=y,suspend=n,address=127.0.0.1:56008
Begin MonoManager ReloadAssembly
Registering precompiled unity dll's ...
Register platform support module: C:/Program Files/Unity/Hub/Editor/2022.3.11f1/Editor/Data/PlaybackEngines/WindowsStandaloneSupport/UnityEditor.WindowsStandalone.Extensions.dll
Registered in 0.012190 seconds.
- Loaded All Assemblies, in  0.379 seconds
Native extension for WindowsStandalone target not found
Mono: successfully reloaded assembly
- Finished resetting the current domain, in  0.265 seconds
Domain Reload Profiling: 642ms
	BeginReloadAssembly (131ms)
		ExecutionOrderSort (0ms)
		DisableScriptedObjects (0ms)
		BackupInstance (0ms)
		ReleaseScriptingObjects (0ms)
		CreateAndSetChildDomain (1ms)
	RebuildCommonClasses (37ms)
	RebuildNativeTypeToScriptingClass (11ms)
	initialDomainReloadingComplete (65ms)
	LoadAllAssembliesAndSetupDomain (132ms)
		LoadAssemblies (128ms)
		RebuildTransferFunctionScriptingTraits (0ms)
		AnalyzeDomain (130ms)
			TypeCache.Refresh (129ms)
				TypeCache.ScanAssembly (115ms)
			ScanForSourceGeneratedMonoScriptInfo (0ms)
			ResolveRequiredComponents (0ms)
	FinalizeReload (266ms)
		ReleaseScriptCaches (0ms)
		RebuildScriptCaches (0ms)
		SetupLoadedEditorAssemblies (204ms)
			LogAssemblyErrors (0ms)
			InitializePlatformSupportModulesInManaged (11ms)
			SetLoadedEditorAssemblies (7ms)
			RefreshPlugins (0ms)
			BeforeProcessingInitializeOnLoad (2ms)
			ProcessInitializeOnLoadAttributes (133ms)
			ProcessInitializeOnLoadMethodAttributes (51ms)
			AfterProcessingInitializeOnLoad (0ms)
			EditorAssembliesLoaded (0ms)
		ExecutionOrderSort2 (0ms)
		AwakeInstancesAfterBackupRestoration (0ms)
========================================================================
Worker process is ready to serve import requests
Begin MonoManager ReloadAssembly
- Loaded All Assemblies, in  0.630 seconds
Refreshing native plugins compatible for Editor in 2.88 ms, found 1 plugins.
Native extension for WindowsStandalone target not found
Mono: successfully reloaded assembly
- Finished resetting the current domain, in  0.502 seconds
Domain Reload Profiling: 1126ms
	BeginReloadAssembly (158ms)
		ExecutionOrderSort (0ms)
		DisableScriptedObjects (5ms)
		BackupInstance (0ms)
		ReleaseScriptingObjects (0ms)
		CreateAndSetChildDomain (21ms)
	RebuildCommonClasses (38ms)
	RebuildNativeTypeToScriptingClass (11ms)
	initialDomainReloadingComplete (47ms)
	LoadAllAssembliesAndSetupDomain (370ms)
		LoadAssemblies (313ms)
		RebuildTransferFunctionScriptingTraits (0ms)
		AnalyzeDomain (151ms)
			TypeCache.Refresh (125ms)
				TypeCache.ScanAssembly (112ms)
			ScanForSourceGeneratedMonoScriptInfo (20ms)
			ResolveRequiredComponents (6ms)
	FinalizeReload (502ms)
		ReleaseScriptCaches (0ms)
		RebuildScriptCaches (0ms)
		SetupLoadedEditorAssemblies (338ms)
			LogAssemblyErrors (0ms)
			InitializePlatformSupportModulesInManaged (7ms)
			SetLoadedEditorAssemblies (8ms)
			RefreshPlugins (0ms)
			BeforeProcessingInitializeOnLoad (75ms)
			ProcessInitializeOnLoadAttributes (212ms)
			ProcessInitializeOnLoadMethodAttributes (25ms)
			AfterProcessingInitializeOnLoad (11ms)
			EditorAssembliesLoaded (0ms)
		ExecutionOrderSort2 (0ms)
		AwakeInstancesAfterBackupRestoration (7ms)
Launched and connected shader compiler UnityShaderCompiler.exe after 0.05 seconds
Refreshing native plugins compatible for Editor in 3.87 ms, found 1 plugins.
Preloading 0 native plugins for Editor in 0.00 ms.
Unloading 3427 Unused Serialized files (Serialized files now loaded: 0)
Unloading 41 unused Assets / (1.3 MB). Loaded Objects now: 3898.
Memory consumption went from 153.1 MB to 151.7 MB.
Total: 2.965800 ms (FindLiveObjects: 0.259000 ms CreateObjectMapping: 0.274400 ms MarkObjects: 2.112700 ms  DeleteObjects: 0.318900 ms)

AssetImportParameters requested are different than current active one (requested -> active):
  custom:container-demuxer-ogg: 62fdf1f143b41e24485cea50d1cbac27 -> 
  custom:video-decoder-ogg-theora: a1e56fd34408186e4bbccfd4996cb3dc -> 
  custom:framework-win-MediaFoundation: 216162199b28c13a410421893ffa2e32 -> 
  custom:CustomObjectIndexerAttribute: 756ad292c208cfabdd7b50bc23989ffe -> 
  custom:container-demuxer-webm: 4f35f7cbe854078d1ac9338744f61a02 -> 
  custom:container-muxer-webm: aa71ff27fc2769a1b78a27578f13a17b -> 
  custom:video-decoder-webm-vp8: 9c59270c3fd7afecdb556c50c9e8de78 -> 
  custom:SearchIndexIgnoredProperties: e643bd26f0fe6173181afceb89e7c659 -> 
  custom:AudioImporter_EditorPlatform: d09bf68614088b80899f8185d706f6e7 -> 
  custom:video-encoder-webm-vp8: eb34c28f22e8b96e1ab97ce403110664 -> 
  custom:audio-decoder-ogg-vorbis: bf7c407c2cedff20999df2af8eb42d56 -> 
  custom:audio-encoder-webm-vorbis: bf7c407c2cedff20999df2af8eb42d56 -> 
========================================================================
Received Import Request.
  Time since last request: 275617.840600 seconds.
  path: Assets/External Assets/External Door/Door Albedo.png
  artifactKey: Guid(056225c9a13957f47862151fdd5a4fc8) Importer(815301076,1909f56bfc062723c751e8b465ee728b)
Start importing Assets/External Assets/External Door/Door Albedo.png using Guid(056225c9a13957f47862151fdd5a4fc8) Importer(815301076,1909f56bfc062723c751e8b465ee728b)  -> (artifact id: 'b748664a0e9deb93da63db4876c08f87') in 0.065465 seconds
Number of updated asset objects reloaded before import = 0
Number of asset objects unloaded after import = 2
========================================================================
Received Import Request.
  Time since last request: 0.000021 seconds.
  path: Assets/External Assets/External Door/DoorV2.prefab
  artifactKey: Guid(43eee9f9554092940955b82111321ef9) Importer(815301076,1909f56bfc062723c751e8b465ee728b)
Start importing Assets/External Assets/External Door/DoorV2.prefab using Guid(43eee9f9554092940955b82111321ef9) Importer(815301076,1909f56bfc062723c751e8b465ee728b)  -> (artifact id: '12e8b76f4d56be85985e5dee9b6339d4') in 0.081791 seconds
Number of updated asset objects reloaded before import = 0
Number of asset objects unloaded after import = 20
========================================================================
Received Import Request.
  Time since last request: 3.483794 seconds.
  path: Assets/External Assets/External Door/Door V2.mat
  artifactKey: Guid(8bf0befb68296734682237e45c19dba2) Importer(815301076,1909f56bfc062723c751e8b465ee728b)
Start importing Assets/External Assets/External Door/Door V2.mat using Guid(8bf0befb68296734682237e45c19dba2) Importer(815301076,1909f56bfc062723c751e8b465ee728b)  -> (artifact id: 'f3a7a9a8308c63c2165010aa84bc41bb') in 0.037207 seconds
Number of updated asset objects reloaded before import = 0
Number of asset objects unloaded after import = 4
========================================================================
Received Import Request.
  Time since last request: 14.631797 seconds.
  path: Assets/External Assets/External Door/Door V2.mat
  artifactKey: Guid(8bf0befb68296734682237e45c19dba2) Importer(815301076,1909f56bfc062723c751e8b465ee728b)
Start importing Assets/External Assets/External Door/Door V2.mat using Guid(8bf0befb68296734682237e45c19dba2) Importer(815301076,1909f56bfc062723c751e8b465ee728b)  -> (artifact id: 'c76ed9f8cc2354644b5d21f31874a6b9') in 0.018050 seconds
Number of updated asset objects reloaded before import = 0
Number of asset objects unloaded after import = 4
========================================================================
Received Import Request.
  Time since last request: 0.000015 seconds.
  path: Assets/External Assets/External Door/DoorV2.prefab
  artifactKey: Guid(43eee9f9554092940955b82111321ef9) Importer(815301076,1909f56bfc062723c751e8b465ee728b)
Start importing Assets/External Assets/External Door/DoorV2.prefab using Guid(43eee9f9554092940955b82111321ef9) Importer(815301076,1909f56bfc062723c751e8b465ee728b)  -> (artifact id: '51a7b6b419845232f70dda15b9c76836') in 0.009764 seconds
Number of updated asset objects reloaded before import = 0
Number of asset objects unloaded after import = 20
========================================================================
Received Import Request.
  Time since last request: 13.833643 seconds.
  path: Assets/External Assets/Office Building/Building Asset Material/Carton.mat
  artifactKey: Guid(ebb6120b736e62840bb1deccf023bfc1) Importer(815301076,1909f56bfc062723c751e8b465ee728b)
Start importing Assets/External Assets/Office Building/Building Asset Material/Carton.mat using Guid(ebb6120b736e62840bb1deccf023bfc1) Importer(815301076,1909f56bfc062723c751e8b465ee728b)  -> (artifact id: '92a33327de74ad1e0f8fc3a9b257d0f7') in 0.018125 seconds
Number of updated asset objects reloaded before import = 0
Number of asset objects unloaded after import = 2
========================================================================
Received Import Request.
  Time since last request: 0.000017 seconds.
  path: Assets/External Assets/Office Building/Building Asset Material/Exit Sign.mat
  artifactKey: Guid(8832655e5f5b4994dab005b96f8bcaca) Importer(815301076,1909f56bfc062723c751e8b465ee728b)
Start importing Assets/External Assets/Office Building/Building Asset Material/Exit Sign.mat using Guid(8832655e5f5b4994dab005b96f8bcaca) Importer(815301076,1909f56bfc062723c751e8b465ee728b)  -> (artifact id: '9a948524cfbd68ac7a0ac6fdc796597b') in 0.015735 seconds
Number of updated asset objects reloaded before import = 0
Number of asset objects unloaded after import = 2
========================================================================
Received Import Request.
  Time since last request: 0.000021 seconds.
  path: Assets/External Assets/Office Building/Building Asset Material/Glass Table.mat
  artifactKey: Guid(9ab01f780b45cd3409d5d3cad38a8766) Importer(815301076,1909f56bfc062723c751e8b465ee728b)
Start importing Assets/External Assets/Office Building/Building Asset Material/Glass Table.mat using Guid(9ab01f780b45cd3409d5d3cad38a8766) Importer(815301076,1909f56bfc062723c751e8b465ee728b)  -> (artifact id: '5e3ec95d78ac189d255f7709fcae916d') in 0.015747 seconds
Number of updated asset objects reloaded before import = 0
Number of asset objects unloaded after import = 2
========================================================================
Received Import Request.
  Time since last request: 0.000023 seconds.
  path: Assets/External Assets/Office Building/Building Asset Material/Filing Cabinet 2.mat
  artifactKey: Guid(8bd360395d36a9e45b4585fd8bbcbe8e) Importer(815301076,1909f56bfc062723c751e8b465ee728b)
Start importing Assets/External Assets/Office Building/Building Asset Material/Filing Cabinet 2.mat using Guid(8bd360395d36a9e45b4585fd8bbcbe8e) Importer(815301076,1909f56bfc062723c751e8b465ee728b)  -> (artifact id: '076652ee2df8294f2e54c70fc49ab3ef') in 0.019766 seconds
Number of updated asset objects reloaded before import = 0
Number of asset objects unloaded after import = 2
========================================================================
Received Import Request.
  Time since last request: 0.000016 seconds.
  path: Assets/External Assets/Office Building/Building Asset Material/Confrence Table.mat
  artifactKey: Guid(c122d69c16be56845bb380e32455cd50) Importer(815301076,1909f56bfc062723c751e8b465ee728b)
Start importing Assets/External Assets/Office Building/Building Asset Material/Confrence Table.mat using Guid(c122d69c16be56845bb380e32455cd50) Importer(815301076,1909f56bfc062723c751e8b465ee728b)  -> (artifact id: '45589ad8de61df854492611e3b77100f') in 0.018183 seconds
Number of updated asset objects reloaded before import = 0
Number of asset objects unloaded after import = 2
========================================================================
Received Import Request.
  Time since last request: 0.000119 seconds.
  path: Assets/External Assets/Office Building/Building Asset Material/Computer Chair.mat
  artifactKey: Guid(c91bef0412ad22a4793733160456d011) Importer(815301076,1909f56bfc062723c751e8b465ee728b)
Start importing Assets/External Assets/Office Building/Building Asset Material/Computer Chair.mat using Guid(c91bef0412ad22a4793733160456d011) Importer(815301076,1909f56bfc062723c751e8b465ee728b)  -> (artifact id: 'cc450a329cb5e54299dcacab1739e896') in 0.017581 seconds
Number of updated asset objects reloaded before import = 0
Number of asset objects unloaded after import = 2
========================================================================
Received Import Request.
  Time since last request: 0.000014 seconds.
  path: Assets/External Assets/Office Building/Building Asset Material/Folder Blue.mat
  artifactKey: Guid(809f3feb679107046a14ff7f99daa788) Importer(815301076,1909f56bfc062723c751e8b465ee728b)
Start importing Assets/External Assets/Office Building/Building Asset Material/Folder Blue.mat using Guid(809f3feb679107046a14ff7f99daa788) Importer(815301076,1909f56bfc062723c751e8b465ee728b)  -> (artifact id: 'fc5ce0b7a6e405040a4e0dc252b2124a') in 0.014143 seconds
Number of updated asset objects reloaded before import = 0
Number of asset objects unloaded after import = 2
========================================================================
Received Import Request.
  Time since last request: 0.000013 seconds.
  path: Assets/External Assets/Office Building/Building Asset Material/Filing Cupboard 1.mat
  artifactKey: Guid(79cad78a8aef1ac40a80a958df55ece4) Importer(815301076,1909f56bfc062723c751e8b465ee728b)
Start importing Assets/External Assets/Office Building/Building Asset Material/Filing Cupboard 1.mat using Guid(79cad78a8aef1ac40a80a958df55ece4) Importer(815301076,1909f56bfc062723c751e8b465ee728b)  -> (artifact id: '6ed7b2f26f15ecb85df8d38f9aace6d5') in 0.015258 seconds
Number of updated asset objects reloaded before import = 0
Number of asset objects unloaded after import = 2
========================================================================
Received Import Request.
  Time since last request: 0.000012 seconds.
  path: Assets/External Assets/Office Building/Building Asset Material/Folder Red.mat
  artifactKey: Guid(30bc0e930bc98a04d9f0ee7beb247bdb) Importer(815301076,1909f56bfc062723c751e8b465ee728b)
Start importing Assets/External Assets/Office Building/Building Asset Material/Folder Red.mat using Guid(30bc0e930bc98a04d9f0ee7beb247bdb) Importer(815301076,1909f56bfc062723c751e8b465ee728b)  -> (artifact id: '1b7041835d85a0d7d3dee4c90b65f718') in 0.018169 seconds
Number of updated asset objects reloaded before import = 0
Number of asset objects unloaded after import = 2
========================================================================
Received Import Request.
  Time since last request: 0.000017 seconds.
  path: Assets/External Assets/Office Building/Building Asset Material/Computer Mouse.mat
  artifactKey: Guid(da62bc24cbf68f84abc423fc833ad31b) Importer(815301076,1909f56bfc062723c751e8b465ee728b)
Start importing Assets/External Assets/Office Building/Building Asset Material/Computer Mouse.mat using Guid(da62bc24cbf68f84abc423fc833ad31b) Importer(815301076,1909f56bfc062723c751e8b465ee728b)  -> (artifact id: '0f9647ba801c0603280d7a4333bffffe') in 0.014256 seconds
Number of updated asset objects reloaded before import = 0
Number of asset objects unloaded after import = 2
========================================================================
Received Import Request.
  Time since last request: 1.374741 seconds.
  path: Assets/External Assets/Office Building/Building Asset Material/Metalic Cupboard.mat
  artifactKey: Guid(1acebf33a3d5a694e84f1851aaea7cbc) Importer(815301076,1909f56bfc062723c751e8b465ee728b)
Start importing Assets/External Assets/Office Building/Building Asset Material/Metalic Cupboard.mat using Guid(1acebf33a3d5a694e84f1851aaea7cbc) Importer(815301076,1909f56bfc062723c751e8b465ee728b)  -> (artifact id: 'ecca630884e38fb4d495aba9f596dd1f') in 0.015474 seconds
Number of updated asset objects reloaded before import = 0
Number of asset objects unloaded after import = 2
========================================================================
Received Import Request.
  Time since last request: 0.000012 seconds.
  path: Assets/External Assets/Office Building/Building Asset Material/Noteblock.mat
  artifactKey: Guid(148fd7ab45f6c8149b760f7312ba059a) Importer(815301076,1909f56bfc062723c751e8b465ee728b)
Start importing Assets/External Assets/Office Building/Building Asset Material/Noteblock.mat using Guid(148fd7ab45f6c8149b760f7312ba059a) Importer(815301076,1909f56bfc062723c751e8b465ee728b)  -> (artifact id: '8fe789d475ceb336180c674bd4ddb5ea') in 0.016917 seconds
Number of updated asset objects reloaded before import = 0
Number of asset objects unloaded after import = 2
========================================================================
Received Import Request.
  Time since last request: 0.000013 seconds.
  path: Assets/External Assets/Office Building/Building Asset Material/Office Chair.mat
  artifactKey: Guid(792fde28397347942a558b6b4b42f569) Importer(815301076,1909f56bfc062723c751e8b465ee728b)
Start importing Assets/External Assets/Office Building/Building Asset Material/Office Chair.mat using Guid(792fde28397347942a558b6b4b42f569) Importer(815301076,1909f56bfc062723c751e8b465ee728b)  -> (artifact id: '4ddc4084b3fbc191e3173ffa7fed159b') in 0.014953 seconds
Number of updated asset objects reloaded before import = 0
Number of asset objects unloaded after import = 2
========================================================================
Received Import Request.
  Time since last request: 0.000015 seconds.
  path: Assets/External Assets/Office Building/Building Asset Material/Office Table 1.mat
  artifactKey: Guid(bb4a93112c422ac4b936f6faae1712ee) Importer(815301076,1909f56bfc062723c751e8b465ee728b)
Start importing Assets/External Assets/Office Building/Building Asset Material/Office Table 1.mat using Guid(bb4a93112c422ac4b936f6faae1712ee) Importer(815301076,1909f56bfc062723c751e8b465ee728b)  -> (artifact id: '4ac32f4a5ffb1e958365056ba7fc65ed') in 0.014062 seconds
Number of updated asset objects reloaded before import = 0
Number of asset objects unloaded after import = 2
========================================================================
Received Import Request.
  Time since last request: 0.625414 seconds.
  path: Assets/External Assets/Office Building/Building Asset Material/Security Sign.mat
  artifactKey: Guid(42945357b9b9a764fb4481e7c602799a) Importer(815301076,1909f56bfc062723c751e8b465ee728b)
Start importing Assets/External Assets/Office Building/Building Asset Material/Security Sign.mat using Guid(42945357b9b9a764fb4481e7c602799a) Importer(815301076,1909f56bfc062723c751e8b465ee728b)  -> (artifact id: 'e212dadc84f44b32468a63ca53adf590') in 0.020767 seconds
Number of updated asset objects reloaded before import = 0
Number of asset objects unloaded after import = 2
========================================================================
Received Import Request.
  Time since last request: 0.000033 seconds.
  path: Assets/External Assets/Office Building/Building Asset Material/Storage Room Sign.mat
  artifactKey: Guid(26b44fff093b40b4ab066143764af1e8) Importer(815301076,1909f56bfc062723c751e8b465ee728b)
Start importing Assets/External Assets/Office Building/Building Asset Material/Storage Room Sign.mat using Guid(26b44fff093b40b4ab066143764af1e8) Importer(815301076,1909f56bfc062723c751e8b465ee728b)  -> (artifact id: '62dbd3c1acb659861d434c89b40cdbdd') in 0.018210 seconds
Number of updated asset objects reloaded before import = 0
Number of asset objects unloaded after import = 2
========================================================================
Received Import Request.
  Time since last request: 0.000027 seconds.
  path: Assets/External Assets/Office Building/Building Asset Material/Shelving.mat
  artifactKey: Guid(00e60186f99ef6d42aaf6fa5ed65d132) Importer(815301076,1909f56bfc062723c751e8b465ee728b)
Start importing Assets/External Assets/Office Building/Building Asset Material/Shelving.mat using Guid(00e60186f99ef6d42aaf6fa5ed65d132) Importer(815301076,1909f56bfc062723c751e8b465ee728b)  -> (artifact id: 'e1bc8dbb411c04e1d1a82443da2e3865') in 0.015615 seconds
Number of updated asset objects reloaded before import = 0
Number of asset objects unloaded after import = 2
========================================================================
Received Import Request.
  Time since last request: 0.142167 seconds.
  path: Assets/External Assets/Office Building/Building Asset Material/Toilet Cabin.mat
  artifactKey: Guid(12e11908ce92276418e0258753323d31) Importer(815301076,1909f56bfc062723c751e8b465ee728b)
Start importing Assets/External Assets/Office Building/Building Asset Material/Toilet Cabin.mat using Guid(12e11908ce92276418e0258753323d31) Importer(815301076,1909f56bfc062723c751e8b465ee728b)  -> (artifact id: '44022163b1864c2c9c3700be371c88a7') in 0.015485 seconds
Number of updated asset objects reloaded before import = 0
Number of asset objects unloaded after import = 2
========================================================================
Received Import Request.
  Time since last request: 0.000016 seconds.
  path: Assets/External Assets/Office Building/Building Asset Material/Water Dispenser Transparent.mat
  artifactKey: Guid(7c29179ebff32d34faa0208e74c8c0bd) Importer(815301076,1909f56bfc062723c751e8b465ee728b)
Start importing Assets/External Assets/Office Building/Building Asset Material/Water Dispenser Transparent.mat using Guid(7c29179ebff32d34faa0208e74c8c0bd) Importer(815301076,1909f56bfc062723c751e8b465ee728b)  -> (artifact id: 'e9139cc53b54a729a3f6561fefcacad0') in 0.017825 seconds
Number of updated asset objects reloaded before import = 0
Number of asset objects unloaded after import = 2
========================================================================
Received Import Request.
  Time since last request: 0.000029 seconds.
  path: Assets/External Assets/Office Building/Building Asset Material/Toilet Paper.mat
  artifactKey: Guid(36ad57586d295ec46ab8608654eabf64) Importer(815301076,1909f56bfc062723c751e8b465ee728b)
Start importing Assets/External Assets/Office Building/Building Asset Material/Toilet Paper.mat using Guid(36ad57586d295ec46ab8608654eabf64) Importer(815301076,1909f56bfc062723c751e8b465ee728b)  -> (artifact id: 'c1b888bc994605e68f9a4d803620604b') in 0.025387 seconds
Number of updated asset objects reloaded before import = 0
Number of asset objects unloaded after import = 2
========================================================================
Received Import Request.
  Time since last request: 0.000016 seconds.
  path: Assets/External Assets/Office Building/Building Asset Material/Urinal.mat
  artifactKey: Guid(a96c696e36b38124ca3c8ba1411770a8) Importer(815301076,1909f56bfc062723c751e8b465ee728b)
Start importing Assets/External Assets/Office Building/Building Asset Material/Urinal.mat using Guid(a96c696e36b38124ca3c8ba1411770a8) Importer(815301076,1909f56bfc062723c751e8b465ee728b)  -> (artifact id: '1c79caecf2ea57dce0b511983abdb67d') in 0.015985 seconds
Number of updated asset objects reloaded before import = 0
Number of asset objects unloaded after import = 2
========================================================================
Received Import Request.
  Time since last request: 0.000017 seconds.
  path: Assets/External Assets/Office Building/Building Asset Material/Water Dispenser.mat
  artifactKey: Guid(2b9c5ce33ede7b84ab614d139cd8ec17) Importer(815301076,1909f56bfc062723c751e8b465ee728b)
Start importing Assets/External Assets/Office Building/Building Asset Material/Water Dispenser.mat using Guid(2b9c5ce33ede7b84ab614d139cd8ec17) Importer(815301076,1909f56bfc062723c751e8b465ee728b)  -> (artifact id: '6efe3f51aaa2dc5c522bd03454598146') in 0.014780 seconds
Number of updated asset objects reloaded before import = 0
Number of asset objects unloaded after import = 2
========================================================================
Received Prepare
Begin MonoManager ReloadAssembly
- Loaded All Assemblies, in  0.424 seconds
Refreshing native plugins compatible for Editor in 2.69 ms, found 1 plugins.
Native extension for WindowsStandalone target not found
Mono: successfully reloaded assembly
- Finished resetting the current domain, in  0.781 seconds
Domain Reload Profiling: 1200ms
	BeginReloadAssembly (163ms)
		ExecutionOrderSort (0ms)
		DisableScriptedObjects (4ms)
		BackupInstance (0ms)
		ReleaseScriptingObjects (0ms)
		CreateAndSetChildDomain (34ms)
	RebuildCommonClasses (31ms)
	RebuildNativeTypeToScriptingClass (11ms)
	initialDomainReloadingComplete (32ms)
	LoadAllAssembliesAndSetupDomain (181ms)
		LoadAssemblies (258ms)
		RebuildTransferFunctionScriptingTraits (0ms)
		AnalyzeDomain (12ms)
			TypeCache.Refresh (5ms)
				TypeCache.ScanAssembly (0ms)
			ScanForSourceGeneratedMonoScriptInfo (0ms)
			ResolveRequiredComponents (6ms)
	FinalizeReload (782ms)
		ReleaseScriptCaches (0ms)
		RebuildScriptCaches (0ms)
		SetupLoadedEditorAssemblies (269ms)
			LogAssemblyErrors (0ms)
			InitializePlatformSupportModulesInManaged (7ms)
			SetLoadedEditorAssemblies (4ms)
			RefreshPlugins (0ms)
			BeforeProcessingInitializeOnLoad (71ms)
			ProcessInitializeOnLoadAttributes (156ms)
			ProcessInitializeOnLoadMethodAttributes (20ms)
			AfterProcessingInitializeOnLoad (11ms)
			EditorAssembliesLoaded (0ms)
		ExecutionOrderSort2 (0ms)
		AwakeInstancesAfterBackupRestoration (6ms)
Refreshing native plugins compatible for Editor in 2.80 ms, found 1 plugins.
Preloading 0 native plugins for Editor in 0.00 ms.
Unloading 3360 Unused Serialized files (Serialized files now loaded: 0)
Unloading 29 unused Assets / (1.3 MB). Loaded Objects now: 3944.
Memory consumption went from 144.5 MB to 143.2 MB.
Total: 4.058700 ms (FindLiveObjects: 0.425700 ms CreateObjectMapping: 0.379200 ms MarkObjects: 2.868200 ms  DeleteObjects: 0.384400 ms)

Prepare: number of updated asset objects reloaded= 0
AssetImportParameters requested are different than current active one (requested -> active):
  custom:container-demuxer-ogg: 62fdf1f143b41e24485cea50d1cbac27 -> 
  custom:video-decoder-ogg-theora: a1e56fd34408186e4bbccfd4996cb3dc -> 
  custom:framework-win-MediaFoundation: 216162199b28c13a410421893ffa2e32 -> 
  custom:CustomObjectIndexerAttribute: 756ad292c208cfabdd7b50bc23989ffe -> 
  custom:container-demuxer-webm: 4f35f7cbe854078d1ac9338744f61a02 -> 
  custom:container-muxer-webm: aa71ff27fc2769a1b78a27578f13a17b -> 
  custom:video-decoder-webm-vp8: 9c59270c3fd7afecdb556c50c9e8de78 -> 
  custom:SearchIndexIgnoredProperties: e643bd26f0fe6173181afceb89e7c659 -> 
  custom:AudioImporter_EditorPlatform: d09bf68614088b80899f8185d706f6e7 -> 
  custom:video-encoder-webm-vp8: eb34c28f22e8b96e1ab97ce403110664 -> 
  custom:audio-decoder-ogg-vorbis: bf7c407c2cedff20999df2af8eb42d56 -> 
  custom:audio-encoder-webm-vorbis: bf7c407c2cedff20999df2af8eb42d56 -> 
========================================================================
Received Import Request.
  Time since last request: 428.630315 seconds.
  path: Packages/com.unity.probuilder/Content/Resources/Materials/StandardVertexColorLWRP.mat
  artifactKey: Guid(077a003b1de1e4c35923be7a21b5d948) Importer(815301076,1909f56bfc062723c751e8b465ee728b)
Start importing Packages/com.unity.probuilder/Content/Resources/Materials/StandardVertexColorLWRP.mat using Guid(077a003b1de1e4c35923be7a21b5d948) Importer(815301076,1909f56bfc062723c751e8b465ee728b)  -> (artifact id: '2ebf981acbf9b373987c622be87e43c3') in 0.095348 seconds
Number of updated asset objects reloaded before import = 0
Number of asset objects unloaded after import = 2
========================================================================
Received Import Request.
  Time since last request: 1.241146 seconds.
  path: Packages/com.unity.probuilder/Content/Resources/Materials/UnlitVertexColor.mat
  artifactKey: Guid(29966c3c0907b49b58c4e59342d020cf) Importer(815301076,1909f56bfc062723c751e8b465ee728b)
Start importing Packages/com.unity.probuilder/Content/Resources/Materials/UnlitVertexColor.mat using Guid(29966c3c0907b49b58c4e59342d020cf) Importer(815301076,1909f56bfc062723c751e8b465ee728b)  -> (artifact id: 'f1fecc2ff6cb5db936c3b13259adcdc2') in 0.015723 seconds
Number of updated asset objects reloaded before import = 0
Number of asset objects unloaded after import = 1
========================================================================
Received Import Request.
  Time since last request: 0.000184 seconds.
  path: Packages/com.unity.probuilder/Content/Resources/Materials/VertexPickerHDRP.mat
  artifactKey: Guid(7d5c9fc287a2aa945a98203d41282923) Importer(815301076,1909f56bfc062723c751e8b465ee728b)
Start importing Packages/com.unity.probuilder/Content/Resources/Materials/VertexPickerHDRP.mat using Guid(7d5c9fc287a2aa945a98203d41282923) Importer(815301076,1909f56bfc062723c751e8b465ee728b)  -> (artifact id: '118c79506c595989b53472fbaf1dd99a') in 0.008559 seconds
Number of updated asset objects reloaded before import = 0
Number of asset objects unloaded after import = 1
========================================================================
Received Import Request.
  Time since last request: 48.983741 seconds.
  path: Assets/External Assets/Office Building/Building Asset Material/Wooden Cupboard 1.mat
  artifactKey: Guid(eff7e5d8a0423734083cc67747d6df6b) Importer(815301076,1909f56bfc062723c751e8b465ee728b)
Start importing Assets/External Assets/Office Building/Building Asset Material/Wooden Cupboard 1.mat using Guid(eff7e5d8a0423734083cc67747d6df6b) Importer(815301076,1909f56bfc062723c751e8b465ee728b)  -> (artifact id: '790b4c9deb5019879398e54941fbd08a') in 0.034727 seconds
Number of updated asset objects reloaded before import = 0
Number of asset objects unloaded after import = 2
========================================================================
Received Import Request.
  Time since last request: 0.000040 seconds.
  path: Assets/External Assets/Office Building/Building Asset Material/Wooden Cupboard 2.mat
  artifactKey: Guid(9ebee45799e9068439f1e1cb54edf037) Importer(815301076,1909f56bfc062723c751e8b465ee728b)
Start importing Assets/External Assets/Office Building/Building Asset Material/Wooden Cupboard 2.mat using Guid(9ebee45799e9068439f1e1cb54edf037) Importer(815301076,1909f56bfc062723c751e8b465ee728b)  -> (artifact id: 'd1e18f45ccfea1a911210bdfb105987f') in 0.015270 seconds
Number of updated asset objects reloaded before import = 0
Number of asset objects unloaded after import = 2
========================================================================
Received Import Request.
  Time since last request: 428.319489 seconds.
  path: Assets/Prefabs/Cicular Carpet.prefab
  artifactKey: Guid(5fbdc5fbf2fc309409f49a8998bd49c2) Importer(815301076,1909f56bfc062723c751e8b465ee728b)
Start importing Assets/Prefabs/Cicular Carpet.prefab using Guid(5fbdc5fbf2fc309409f49a8998bd49c2) Importer(815301076,1909f56bfc062723c751e8b465ee728b)  -> (artifact id: 'b781b4f33008e4f56f650f466dbb90e4') in 0.031186 seconds
Number of updated asset objects reloaded before import = 0
Number of asset objects unloaded after import = 11
========================================================================
Received Import Request.
  Time since last request: 0.000847 seconds.
  path: Assets/Prefabs/Coffee Cup.prefab
  artifactKey: Guid(a42b76a8ae68dad4fb4fea3eda1ed3d9) Importer(815301076,1909f56bfc062723c751e8b465ee728b)
Start importing Assets/Prefabs/Coffee Cup.prefab using Guid(a42b76a8ae68dad4fb4fea3eda1ed3d9) Importer(815301076,1909f56bfc062723c751e8b465ee728b)  -> (artifact id: '13ff13b23465e2a5f213971ca29c1dd6') in 0.016835 seconds
Number of updated asset objects reloaded before import = 0
Number of asset objects unloaded after import = 11
========================================================================
Received Import Request.
  Time since last request: 0.000028 seconds.
  path: Assets/Prefabs/Kitchen Cupboard.prefab
  artifactKey: Guid(10c5f9ea0e8facd4283453ecc16e0226) Importer(815301076,1909f56bfc062723c751e8b465ee728b)
Start importing Assets/Prefabs/Kitchen Cupboard.prefab using Guid(10c5f9ea0e8facd4283453ecc16e0226) Importer(815301076,1909f56bfc062723c751e8b465ee728b)  -> (artifact id: '2fd34c08718a80f1deaddd5627d8f52b') in 0.015156 seconds
Number of updated asset objects reloaded before import = 0
Number of asset objects unloaded after import = 12
Editor requested this worker to shutdown with reason: Scaling down because of idle timeout
TcpMessagingSession - receive error: operation aborted. errorcode: 995, details: The I/O operation has been aborted because of either a thread exit or an application request.
AssetImportWorker is now disconnected from the server
Process exiting
Exiting without the bug reporter. Application will terminate with return code 0