Using pre-set license
Built from '2022.1/staging' branch; Version is '2022.1.15f1 (42973686a05c) revision 4364086'; Using compiler version '192829333'; Build Type 'Release'
OS: 'Windows 10  (10.0.19045) 64bit Core' Language: 'en' Physical Memory: 16215 MB
BatchMode: 1, IsHumanControllingUs: 0, StartBugReporterOnCrash: 0, Is64bit: 1, IsPro: 1

COMMAND LINE ARGUMENTS:
C:\Program Files\Unity\Hub\Editor\2022.1.15f1\Editor\Unity.exe
-adb2
-batchMode
-noUpm
-name
AssetImportWorker6
-projectPath
C:/Users/markt/Unity Games/DES 311 Containment Game
-logFile
Logs/AssetImportWorker6.log
-srvPort
50315
Successfully changed project path to: C:/Users/markt/Unity Games/DES 311 Containment Game
C:/Users/markt/Unity Games/DES 311 Containment Game
[UnityMemory] Configuration Parameters - Can be set up in boot.config
    "memorysetup-bucket-allocator-granularity=16"
    "memorysetup-bucket-allocator-bucket-count=8"
    "memorysetup-bucket-allocator-block-size=33554432"
    "memorysetup-bucket-allocator-block-count=8"
    "memorysetup-main-allocator-block-size=16777216"
    "memorysetup-thread-allocator-block-size=16777216"
    "memorysetup-gfx-main-allocator-block-size=16777216"
    "memorysetup-gfx-thread-allocator-block-size=16777216"
    "memorysetup-cache-allocator-block-size=4194304"
    "memorysetup-typetree-allocator-block-size=2097152"
    "memorysetup-profiler-bucket-allocator-granularity=16"
    "memorysetup-profiler-bucket-allocator-bucket-count=8"
    "memorysetup-profiler-bucket-allocator-block-size=33554432"
    "memorysetup-profiler-bucket-allocator-block-count=8"
    "memorysetup-profiler-allocator-block-size=16777216"
    "memorysetup-profiler-editor-allocator-block-size=1048576"
    "memorysetup-temp-allocator-size-main=16777216"
    "memorysetup-job-temp-allocator-block-size=2097152"
    "memorysetup-job-temp-allocator-block-size-background=1048576"
    "memorysetup-job-temp-allocator-reduction-small-platforms=262144"
    "memorysetup-temp-allocator-size-background-worker=32768"
    "memorysetup-temp-allocator-size-job-worker=262144"
    "memorysetup-temp-allocator-size-preload-manager=33554432"
    "memorysetup-temp-allocator-size-nav-mesh-worker=65536"
    "memorysetup-temp-allocator-size-audio-worker=65536"
    "memorysetup-temp-allocator-size-cloud-worker=32768"
    "memorysetup-temp-allocator-size-gi-baking-worker=262144"
    "memorysetup-temp-allocator-size-gfx=262144"
Refreshing native plugins compatible for Editor in 103.20 ms, found 3 plugins.
Preloading 0 native plugins for Editor in 0.00 ms.
Initialize engine version: 2022.1.15f1 (42973686a05c)
[Subsystems] Discovering subsystems at path C:/Program Files/Unity/Hub/Editor/2022.1.15f1/Editor/Data/Resources/UnitySubsystems
[Subsystems] Discovering subsystems at path C:/Users/markt/Unity Games/DES 311 Containment Game/Assets
GfxDevice: creating device client; threaded=0; jobified=0
Direct3D:
    Version:  Direct3D 11.0 [level 11.1]
    Renderer: NVIDIA GeForce RTX 2070 with Max-Q Design (ID=0x1f14)
    Vendor:   NVIDIA
    VRAM:     8006 MB
    Driver:   32.0.15.6094
Initialize mono
Mono path[0] = 'C:/Program Files/Unity/Hub/Editor/2022.1.15f1/Editor/Data/Managed'
Mono path[1] = 'C:/Program Files/Unity/Hub/Editor/2022.1.15f1/Editor/Data/MonoBleedingEdge/lib/mono/unityjit-win32'
Mono config path = 'C:/Program Files/Unity/Hub/Editor/2022.1.15f1/Editor/Data/MonoBleedingEdge/etc'
Using monoOptions --debugger-agent=transport=dt_socket,embedding=1,server=y,suspend=n,address=127.0.0.1:56632
Begin MonoManager ReloadAssembly
Registering precompiled unity dll's ...
Register platform support module: C:/Program Files/Unity/Hub/Editor/2022.1.15f1/Editor/Data/PlaybackEngines/WindowsStandaloneSupport/UnityEditor.WindowsStandalone.Extensions.dll
Registered in 0.009710 seconds.
Native extension for WindowsStandalone target not found
Refreshing native plugins compatible for Editor in 94.91 ms, found 3 plugins.
Preloading 0 native plugins for Editor in 0.00 ms.
Mono: successfully reloaded assembly
- Completed reload, in  0.682 seconds
Domain Reload Profiling:
	ReloadAssembly (682ms)
		BeginReloadAssembly (80ms)
			ExecutionOrderSort (0ms)
			DisableScriptedObjects (0ms)
			BackupInstance (0ms)
			ReleaseScriptingObjects (0ms)
			CreateAndSetChildDomain (1ms)
		EndReloadAssembly (484ms)
			LoadAssemblies (77ms)
			RebuildTransferFunctionScriptingTraits (0ms)
			SetupTypeCache (115ms)
				TypeCache.Initialize (114ms)
					TypeCache.ScanAssembly (113ms)
				ResolveRequiredComponents (0ms)
			ReleaseScriptCaches (0ms)
			RebuildScriptCaches (28ms)
			SetupLoadedEditorAssemblies (287ms)
				LogAssemblyErrors (0ms)
				InitializePlatformSupportModulesInManaged (9ms)
				SetLoadedEditorAssemblies (7ms)
				RefreshPlugins (95ms)
				BeforeProcessingInitializeOnLoad (1ms)
				ProcessInitializeOnLoadAttributes (130ms)
				ProcessInitializeOnLoadMethodAttributes (44ms)
				AfterProcessingInitializeOnLoad (0ms)
				EditorAssembliesLoaded (0ms)
			ExecutionOrderSort2 (0ms)
			AwakeInstancesAfterBackupRestoration (0ms)
Platform modules already initialized, skipping
Registering precompiled user dll's ...
Registered in 0.007457 seconds.
Begin MonoManager ReloadAssembly
Symbol file LoadedFromMemory doesn't match image C:\Users\markt\Unity Games\DES 311 Containment Game\Library\PackageCache\com.unity.visualscripting@1.7.8\Editor\VisualScripting.Core\Dependencies\YamlDotNet\Unity.VisualScripting.YamlDotNet.dll
Symbol file LoadedFromMemory doesn't match image C:\Users\markt\Unity Games\DES 311 Containment Game\Library\PackageCache\com.unity.visualscripting@1.7.8\Editor\VisualScripting.Core\Dependencies\DotNetZip\Unity.VisualScripting.IonicZip.dll
Native extension for WindowsStandalone target not found
Refreshing native plugins compatible for Editor in 0.89 ms, found 3 plugins.
Preloading 0 native plugins for Editor in 0.00 ms.
Mono: successfully reloaded assembly
- Completed reload, in  1.164 seconds
Domain Reload Profiling:
	ReloadAssembly (1165ms)
		BeginReloadAssembly (121ms)
			ExecutionOrderSort (0ms)
			DisableScriptedObjects (5ms)
			BackupInstance (0ms)
			ReleaseScriptingObjects (0ms)
			CreateAndSetChildDomain (18ms)
		EndReloadAssembly (923ms)
			LoadAssemblies (95ms)
			RebuildTransferFunctionScriptingTraits (0ms)
			SetupTypeCache (282ms)
				TypeCache.Initialize (277ms)
					TypeCache.ScanAssembly (274ms)
				ResolveRequiredComponents (5ms)
			ReleaseScriptCaches (1ms)
			RebuildScriptCaches (56ms)
			SetupLoadedEditorAssemblies (439ms)
				LogAssemblyErrors (0ms)
				InitializePlatformSupportModulesInManaged (6ms)
				SetLoadedEditorAssemblies (7ms)
				RefreshPlugins (1ms)
				BeforeProcessingInitializeOnLoad (103ms)
				ProcessInitializeOnLoadAttributes (281ms)
				ProcessInitializeOnLoadMethodAttributes (29ms)
				AfterProcessingInitializeOnLoad (13ms)
				EditorAssembliesLoaded (0ms)
			ExecutionOrderSort2 (0ms)
			AwakeInstancesAfterBackupRestoration (8ms)
Platform modules already initialized, skipping
========================================================================
Worker process is ready to serve import requests
Launched and connected shader compiler UnityShaderCompiler.exe after 0.04 seconds
Refreshing native plugins compatible for Editor in 0.77 ms, found 3 plugins.
Preloading 0 native plugins for Editor in 0.00 ms.
Unloading 4016 Unused Serialized files (Serialized files now loaded: 0)
Unloading 39 unused Assets / (1.3 MB). Loaded Objects now: 4477.
Memory consumption went from 0.61 GB to 0.61 GB.
Total: 3.350400 ms (FindLiveObjects: 0.328100 ms CreateObjectMapping: 0.309400 ms MarkObjects: 2.425000 ms  DeleteObjects: 0.287000 ms)

AssetImportParameters requested are different than current active one (requested -> active):
  custom:video-decoder-ogg-theora: a1e56fd34408186e4bbccfd4996cb3dc -> 
  custom:container-muxer-webm: aa71ff27fc2769a1b78a27578f13a17b -> 
  custom:container-demuxer-webm: 4f35f7cbe854078d1ac9338744f61a02 -> 
  custom:video-encoder-webm-vp8: eb34c28f22e8b96e1ab97ce403110664 -> 
  custom:audio-encoder-webm-vorbis: bf7c407c2cedff20999df2af8eb42d56 -> 
  custom:framework-win-MediaFoundation: 216162199b28c13a410421893ffa2e32 -> 
  custom:container-demuxer-ogg: 62fdf1f143b41e24485cea50d1cbac27 -> 
  custom:video-decoder-webm-vp8: 9c59270c3fd7afecdb556c50c9e8de78 -> 
  custom:audio-decoder-ogg-vorbis: bf7c407c2cedff20999df2af8eb42d56 -> 
========================================================================
Received Import Request.
  Time since last request: 3821.722515 seconds.
  path: Assets/External_Assets/Enviroment/enviroment/Office building/material props/toilet cabine.mat
  artifactKey: Guid(12e11908ce92276418e0258753323d31) Importer(815301076,1909f56bfc062723c751e8b465ee728b)
Start importing Assets/External_Assets/Enviroment/enviroment/Office building/material props/toilet cabine.mat using Guid(12e11908ce92276418e0258753323d31) Importer(815301076,1909f56bfc062723c751e8b465ee728b)  -> (artifact id: '16aa8774894cba23a83a5286fd932a29') in 0.128305 seconds 
========================================================================
Received Import Request.
  Time since last request: 59.021828 seconds.
  path: Assets/External_Assets/Assets/Coloured Materials/Prototype_512x512_Blue1.mat
  artifactKey: Guid(663834164c6a04740aaa1b778249ce7e) Importer(815301076,1909f56bfc062723c751e8b465ee728b)
Start importing Assets/External_Assets/Assets/Coloured Materials/Prototype_512x512_Blue1.mat using Guid(663834164c6a04740aaa1b778249ce7e) Importer(815301076,1909f56bfc062723c751e8b465ee728b)  -> (artifact id: 'cffbd5412c52ea73eb1b5308e201000a') in 0.024411 seconds 
========================================================================
Received Import Request.
  Time since last request: 0.000027 seconds.
  path: Assets/External_Assets/Assets/Coloured Materials/Prototype_512x512_Brown.mat
  artifactKey: Guid(a54b7ad866d3a9b47bbf3b53baa0acc4) Importer(815301076,1909f56bfc062723c751e8b465ee728b)
Start importing Assets/External_Assets/Assets/Coloured Materials/Prototype_512x512_Brown.mat using Guid(a54b7ad866d3a9b47bbf3b53baa0acc4) Importer(815301076,1909f56bfc062723c751e8b465ee728b)  -> (artifact id: '0429d85e157a2bc0cb463a29cef2729c') in 0.023962 seconds 
========================================================================
Received Import Request.
  Time since last request: 0.000029 seconds.
  path: Assets/External_Assets/Assets/Coloured Materials/Prototype_512x512_Green2.mat
  artifactKey: Guid(dbe80190c9adea34c8c8845ca4a17934) Importer(815301076,1909f56bfc062723c751e8b465ee728b)
Start importing Assets/External_Assets/Assets/Coloured Materials/Prototype_512x512_Green2.mat using Guid(dbe80190c9adea34c8c8845ca4a17934) Importer(815301076,1909f56bfc062723c751e8b465ee728b)  -> (artifact id: '2d78b06a34987c047d6abaff81aa3d74') in 0.026083 seconds 
========================================================================
Received Import Request.
  Time since last request: 0.000028 seconds.
  path: Assets/External_Assets/Assets/Coloured Materials/Prototype_512x512_Grey3.mat
  artifactKey: Guid(17c44fb3e5be9644586a0728a5f5a386) Importer(815301076,1909f56bfc062723c751e8b465ee728b)
Start importing Assets/External_Assets/Assets/Coloured Materials/Prototype_512x512_Grey3.mat using Guid(17c44fb3e5be9644586a0728a5f5a386) Importer(815301076,1909f56bfc062723c751e8b465ee728b)  -> (artifact id: 'ecfb994c50a8df1456801b0a2f38a8fe') in 0.021964 seconds 
========================================================================
Received Import Request.
  Time since last request: 0.000029 seconds.
  path: Assets/External_Assets/Assets/Coloured Materials/Prototype_512x512_Red.mat
  artifactKey: Guid(5a26de236ce89e94b963be8fa2b7ade6) Importer(815301076,1909f56bfc062723c751e8b465ee728b)
Start importing Assets/External_Assets/Assets/Coloured Materials/Prototype_512x512_Red.mat using Guid(5a26de236ce89e94b963be8fa2b7ade6) Importer(815301076,1909f56bfc062723c751e8b465ee728b)  -> (artifact id: 'a6841a5a1d6e3aba23bffe087ca8bdd0') in 0.021217 seconds 
========================================================================
Received Import Request.
  Time since last request: 0.000036 seconds.
  path: Assets/External_Assets/Enviroment/enviroment/Office building/material props/securety computer screen.mat
  artifactKey: Guid(1aaf7bed95fa7aa46baa6af6a4b7f9b7) Importer(815301076,1909f56bfc062723c751e8b465ee728b)
Start importing Assets/External_Assets/Enviroment/enviroment/Office building/material props/securety computer screen.mat using Guid(1aaf7bed95fa7aa46baa6af6a4b7f9b7) Importer(815301076,1909f56bfc062723c751e8b465ee728b)  -> (artifact id: 'cde5ed13c13f9dacbb0fc992c999a28c') in 0.023836 seconds 
========================================================================
Received Import Request.
  Time since last request: 0.000025 seconds.
  path: Assets/External_Assets/MASH Virtual/Sci Fi Doors/Material/Sci Fi Doors Mat.mat
  artifactKey: Guid(7474aa6baee1fc84ea7882a1a652b09c) Importer(815301076,1909f56bfc062723c751e8b465ee728b)
Start importing Assets/External_Assets/MASH Virtual/Sci Fi Doors/Material/Sci Fi Doors Mat.mat using Guid(7474aa6baee1fc84ea7882a1a652b09c) Importer(815301076,1909f56bfc062723c751e8b465ee728b)  -> (artifact id: '9258bdcce81cdc0fda8535b3d117e4b1') in 0.030974 seconds 
========================================================================
Received Import Request.
  Time since last request: 49.606557 seconds.
  path: Assets/External_Assets/Enviroment/enviroment/Office building/scene/office building/Lightmap-4_comp_light.exr
  artifactKey: Guid(78931c364f30c6043a1c7aa08f62a147) Importer(815301076,1909f56bfc062723c751e8b465ee728b)
Start importing Assets/External_Assets/Enviroment/enviroment/Office building/scene/office building/Lightmap-4_comp_light.exr using Guid(78931c364f30c6043a1c7aa08f62a147) Importer(815301076,1909f56bfc062723c751e8b465ee728b)  -> (artifact id: 'de01d08bea09c5f77932ffa5474e323e') in 0.048762 seconds 
========================================================================
Received Import Request.
  Time since last request: 0.000038 seconds.
  path: Assets/External_Assets/Enviroment/enviroment/Office building/scene/office building/Lightmap-15_comp_dir.png
  artifactKey: Guid(0865a0e65f8e323438669093ba314e9f) Importer(815301076,1909f56bfc062723c751e8b465ee728b)
Start importing Assets/External_Assets/Enviroment/enviroment/Office building/scene/office building/Lightmap-15_comp_dir.png using Guid(0865a0e65f8e323438669093ba314e9f) Importer(815301076,1909f56bfc062723c751e8b465ee728b)  -> (artifact id: '9b6cd464bb6c0c431f2bee5091583f1e') in 0.038912 seconds 
========================================================================
Received Import Request.
  Time since last request: 0.000025 seconds.
  path: Assets/External_Assets/Enviroment/enviroment/Office building/scene/office building/Lightmap-7_comp_light.exr
  artifactKey: Guid(f36944972ce8ff1458bb00892ee076e3) Importer(815301076,1909f56bfc062723c751e8b465ee728b)
Start importing Assets/External_Assets/Enviroment/enviroment/Office building/scene/office building/Lightmap-7_comp_light.exr using Guid(f36944972ce8ff1458bb00892ee076e3) Importer(815301076,1909f56bfc062723c751e8b465ee728b)  -> (artifact id: '8027805265ab05ea2302ab5ced19a29b') in 0.038856 seconds 
========================================================================
Received Import Request.
  Time since last request: 0.000027 seconds.
  path: Assets/External_Assets/Enviroment/enviroment/Office building/scene/office building/Lightmap-12_comp_dir.png
  artifactKey: Guid(b2d9a40f2ad355b4b977772dd168e788) Importer(815301076,1909f56bfc062723c751e8b465ee728b)
Start importing Assets/External_Assets/Enviroment/enviroment/Office building/scene/office building/Lightmap-12_comp_dir.png using Guid(b2d9a40f2ad355b4b977772dd168e788) Importer(815301076,1909f56bfc062723c751e8b465ee728b)  -> (artifact id: 'acfa665c9911cd3ed5007d0d91d6130c') in 0.027650 seconds 
========================================================================
Received Import Request.
  Time since last request: 0.000018 seconds.
  path: Assets/External_Assets/Enviroment/enviroment/Office building/scene/office building/Lightmap-10_comp_dir.png
  artifactKey: Guid(064ed9a9077bb1d4e9ae37137f8c49b5) Importer(815301076,1909f56bfc062723c751e8b465ee728b)
Start importing Assets/External_Assets/Enviroment/enviroment/Office building/scene/office building/Lightmap-10_comp_dir.png using Guid(064ed9a9077bb1d4e9ae37137f8c49b5) Importer(815301076,1909f56bfc062723c751e8b465ee728b)  -> (artifact id: 'b6c4d520b492a810c860632a44db41a8') in 0.026828 seconds 
========================================================================
Received Import Request.
  Time since last request: 0.000020 seconds.
  path: Assets/External_Assets/Enviroment/enviroment/Office building/scene/office building/Lightmap-11_comp_dir.png
  artifactKey: Guid(521ec07fb4276a645987e5f781e2dfba) Importer(815301076,1909f56bfc062723c751e8b465ee728b)
Start importing Assets/External_Assets/Enviroment/enviroment/Office building/scene/office building/Lightmap-11_comp_dir.png using Guid(521ec07fb4276a645987e5f781e2dfba) Importer(815301076,1909f56bfc062723c751e8b465ee728b)  -> (artifact id: '6540bff49afcd2c0cf4cdd374cc383dc') in 0.037387 seconds 
========================================================================
Received Import Request.
  Time since last request: 0.000024 seconds.
  path: Assets/External_Assets/Enviroment/enviroment/Office building/scene/office building/Lightmap-8_comp_light.exr
  artifactKey: Guid(12986cbff227ddc40a2890bf950dc522) Importer(815301076,1909f56bfc062723c751e8b465ee728b)
Start importing Assets/External_Assets/Enviroment/enviroment/Office building/scene/office building/Lightmap-8_comp_light.exr using Guid(12986cbff227ddc40a2890bf950dc522) Importer(815301076,1909f56bfc062723c751e8b465ee728b)  -> (artifact id: '152f76b3e93046096f639f531f98ab31') in 0.028850 seconds 
========================================================================
Received Import Request.
  Time since last request: 0.000022 seconds.
  path: Assets/External_Assets/Enviroment/enviroment/Office building/scene/office building/Lightmap-13_comp_light.exr
  artifactKey: Guid(ac0d34c04ecd638489cde53c6495ef58) Importer(815301076,1909f56bfc062723c751e8b465ee728b)
Start importing Assets/External_Assets/Enviroment/enviroment/Office building/scene/office building/Lightmap-13_comp_light.exr using Guid(ac0d34c04ecd638489cde53c6495ef58) Importer(815301076,1909f56bfc062723c751e8b465ee728b)  -> (artifact id: '174fafe089c8314ce0126c361b46b029') in 0.024607 seconds 
========================================================================
Received Import Request.
  Time since last request: 18.212074 seconds.
  path: Assets/External_Assets/Assets/Grid Materials/prototype_512x512_blue2.png
  artifactKey: Guid(17198718c5735204999fb13dc36e290f) Importer(815301076,1909f56bfc062723c751e8b465ee728b)
Start importing Assets/External_Assets/Assets/Grid Materials/prototype_512x512_blue2.png using Guid(17198718c5735204999fb13dc36e290f) Importer(815301076,1909f56bfc062723c751e8b465ee728b)  -> (artifact id: '36ccfb10dc448a6b86ab74576a3e2e3f') in 0.018407 seconds 
========================================================================
Received Import Request.
  Time since last request: 5.043033 seconds.
  path: Assets/External_Assets/Doors/DoorPackFree/Meshes/Door001/Materials/V2.mat
  artifactKey: Guid(8bf0befb68296734682237e45c19dba2) Importer(815301076,1909f56bfc062723c751e8b465ee728b)
Start importing Assets/External_Assets/Doors/DoorPackFree/Meshes/Door001/Materials/V2.mat using Guid(8bf0befb68296734682237e45c19dba2) Importer(815301076,1909f56bfc062723c751e8b465ee728b)  -> (artifact id: 'e6f3d5d04b4eb6dbdef8e9e8755f7927') in 0.023807 seconds 
========================================================================
Received Import Request.
  Time since last request: 0.000036 seconds.
  path: Assets/External_Assets/Doors/DoorPackFree/Meshes/Door001/Materials/V5.mat
  artifactKey: Guid(ff33776f394eae0438185b88600e3a2c) Importer(815301076,1909f56bfc062723c751e8b465ee728b)
Start importing Assets/External_Assets/Doors/DoorPackFree/Meshes/Door001/Materials/V5.mat using Guid(ff33776f394eae0438185b88600e3a2c) Importer(815301076,1909f56bfc062723c751e8b465ee728b)  -> (artifact id: '39b0cdc1d2ae0991f11234e5e92f4e89') in 0.030382 seconds 
========================================================================
Received Import Request.
  Time since last request: 0.000039 seconds.
  path: Assets/External_Assets/Doors/DoorPackFree/Meshes/Door001/Materials/V6.mat
  artifactKey: Guid(0b7dd8513656d9c4fa0cbe919fb9fa8d) Importer(815301076,1909f56bfc062723c751e8b465ee728b)
Start importing Assets/External_Assets/Doors/DoorPackFree/Meshes/Door001/Materials/V6.mat using Guid(0b7dd8513656d9c4fa0cbe919fb9fa8d) Importer(815301076,1909f56bfc062723c751e8b465ee728b)  -> (artifact id: '790e2def9b49aba70dd004875c10337c') in 0.023970 seconds 
